<?xml version="1.0" encoding="UTF-8"?>
<!-- Generated by org.testng.reporters.JUnitXMLReporter -->
<testsuite hostname="JACOBPHILLIP" tests="31" failures="0" timestamp="15 Jul 2016 23:17:21 GMT" time="0.07" errors="0">
  <testcase name="@BeforeMethod initialize" time="0.0" classname="Test_2">
    <failure type="org.testng.TestNGException" message="
Parameter &amp;apos;listType&amp;apos; is required by @Configuration on method initialize but has not been marked @Optional or defined
in C:\Users\jacobphillip\AppData\Local\Temp\testng-eclipse-86900653\testng-customsuite.xml">
      <![CDATA[org.testng.TestNGException: 
Parameter 'listType' is required by @Configuration on method initialize but has not been marked @Optional or defined
in C:\Users\jacobphillip\AppData\Local\Temp\testng-eclipse-86900653\testng-customsuite.xml
	at org.testng.internal.Parameters.createParameters(Parameters.java:154)
	at org.testng.internal.Parameters.createParameters(Parameters.java:361)
	at org.testng.internal.Parameters.createConfigurationParameters(Parameters.java:84)
	at org.testng.internal.Invoker.invokeConfigurations(Invoker.java:202)
	at org.testng.internal.Invoker.invokeMethod(Invoker.java:590)
	at org.testng.internal.Invoker.invokeTestMethod(Invoker.java:823)
	at org.testng.internal.Invoker.invokeTestMethods(Invoker.java:1131)
	at org.testng.internal.TestMethodWorker.invokeTestMethods(TestMethodWorker.java:129)
	at org.testng.internal.TestMethodWorker.run(TestMethodWorker.java:112)
	at org.testng.TestRunner.privateRun(TestRunner.java:778)
	at org.testng.TestRunner.run(TestRunner.java:632)
	at org.testng.SuiteRunner.runTest(SuiteRunner.java:366)
	at org.testng.SuiteRunner.runSequentially(SuiteRunner.java:361)
	at org.testng.SuiteRunner.privateRun(SuiteRunner.java:319)
	at org.testng.SuiteRunner.run(SuiteRunner.java:268)
	at org.testng.SuiteRunnerWorker.runSuite(SuiteRunnerWorker.java:52)
	at org.testng.SuiteRunnerWorker.run(SuiteRunnerWorker.java:86)
	at org.testng.TestNG.runSuitesSequentially(TestNG.java:1225)
	at org.testng.TestNG.runSuitesLocally(TestNG.java:1150)
	at org.testng.TestNG.runSuites(TestNG.java:1075)
	at org.testng.TestNG.run(TestNG.java:1047)
	at org.testng.remote.AbstractRemoteTestNG.run(AbstractRemoteTestNG.java:126)
	at org.testng.remote.RemoteTestNG.initAndRun(RemoteTestNG.java:137)
	at org.testng.remote.RemoteTestNG.main(RemoteTestNG.java:58)
]]>
    </failure>
  </testcase> <!-- @BeforeMethod initialize -->
  <testcase name="@BeforeMethod initialize" time="0.0" classname="Test_2">
    <skipped/>
  </testcase> <!-- @BeforeMethod initialize -->
  <testcase name="@BeforeMethod initialize" time="0.0" classname="Test_2">
    <skipped/>
  </testcase> <!-- @BeforeMethod initialize -->
  <testcase name="@BeforeMethod initialize" time="0.0" classname="Test_2">
    <skipped/>
  </testcase> <!-- @BeforeMethod initialize -->
  <testcase name="@BeforeMethod initialize" time="0.0" classname="Test_2">
    <skipped/>
  </testcase> <!-- @BeforeMethod initialize -->
  <testcase name="@BeforeMethod initialize" time="0.0" classname="Test_2">
    <skipped/>
  </testcase> <!-- @BeforeMethod initialize -->
  <testcase name="@BeforeMethod initialize" time="0.0" classname="Test_2">
    <skipped/>
  </testcase> <!-- @BeforeMethod initialize -->
  <testcase name="@BeforeMethod initialize" time="0.0" classname="Test_2">
    <skipped/>
  </testcase> <!-- @BeforeMethod initialize -->
  <testcase name="@BeforeMethod initialize" time="0.0" classname="Test_2">
    <skipped/>
  </testcase> <!-- @BeforeMethod initialize -->
  <testcase name="@BeforeMethod initialize" time="0.0" classname="Test_2">
    <skipped/>
  </testcase> <!-- @BeforeMethod initialize -->
  <testcase name="@BeforeMethod initialize" time="0.0" classname="Test_2">
    <skipped/>
  </testcase> <!-- @BeforeMethod initialize -->
  <testcase name="@BeforeMethod initialize" time="0.0" classname="Test_2">
    <skipped/>
  </testcase> <!-- @BeforeMethod initialize -->
  <testcase name="@BeforeMethod initialize" time="0.0" classname="Test_2">
    <skipped/>
  </testcase> <!-- @BeforeMethod initialize -->
  <testcase name="@BeforeMethod initialize" time="0.0" classname="Test_2">
    <skipped/>
  </testcase> <!-- @BeforeMethod initialize -->
  <testcase name="@BeforeMethod initialize" time="0.0" classname="Test_2">
    <skipped/>
  </testcase> <!-- @BeforeMethod initialize -->
  <testcase name="@BeforeMethod initialize" time="0.0" classname="Test_2">
    <skipped/>
  </testcase> <!-- @BeforeMethod initialize -->
  <testcase name="@BeforeMethod initialize" time="0.0" classname="Test_2">
    <skipped/>
  </testcase> <!-- @BeforeMethod initialize -->
  <testcase name="@BeforeMethod initialize" time="0.0" classname="Test_2">
    <skipped/>
  </testcase> <!-- @BeforeMethod initialize -->
  <testcase name="@BeforeMethod initialize" time="0.0" classname="Test_2">
    <skipped/>
  </testcase> <!-- @BeforeMethod initialize -->
  <testcase name="@BeforeMethod initialize" time="0.0" classname="Test_2">
    <skipped/>
  </testcase> <!-- @BeforeMethod initialize -->
  <testcase name="@BeforeMethod initialize" time="0.0" classname="Test_2">
    <skipped/>
  </testcase> <!-- @BeforeMethod initialize -->
  <testcase name="@BeforeMethod initialize" time="0.0" classname="Test_2">
    <skipped/>
  </testcase> <!-- @BeforeMethod initialize -->
  <testcase name="@BeforeMethod initialize" time="0.0" classname="Test_2">
    <skipped/>
  </testcase> <!-- @BeforeMethod initialize -->
  <testcase name="@BeforeMethod initialize" time="0.0" classname="Test_2">
    <skipped/>
  </testcase> <!-- @BeforeMethod initialize -->
  <testcase name="@BeforeMethod initialize" time="0.0" classname="Test_2">
    <skipped/>
  </testcase> <!-- @BeforeMethod initialize -->
  <testcase name="@BeforeMethod initialize" time="0.0" classname="Test_2">
    <skipped/>
  </testcase> <!-- @BeforeMethod initialize -->
  <testcase name="@BeforeMethod initialize" time="0.0" classname="Test_2">
    <skipped/>
  </testcase> <!-- @BeforeMethod initialize -->
  <testcase name="@BeforeMethod initialize" time="0.0" classname="Test_2">
    <skipped/>
  </testcase> <!-- @BeforeMethod initialize -->
  <testcase name="@BeforeMethod initialize" time="0.0" classname="Test_2">
    <skipped/>
  </testcase> <!-- @BeforeMethod initialize -->
  <testcase name="@BeforeMethod initialize" time="0.0" classname="Test_2">
    <skipped/>
  </testcase> <!-- @BeforeMethod initialize -->
  <testcase name="@BeforeMethod initialize" time="0.0" classname="Test_2">
    <skipped/>
  </testcase> <!-- @BeforeMethod initialize -->
  <testcase name="testAdd" time="0.0" classname="Test_2">
    <skipped/>
  </testcase> <!-- testAdd -->
  <testcase name="testAddAfter_invalidElement" time="0.0" classname="Test_2">
    <skipped/>
  </testcase> <!-- testAddAfter_invalidElement -->
  <testcase name="testAddAfter_validElement" time="0.0" classname="Test_2">
    <skipped/>
  </testcase> <!-- testAddAfter_validElement -->
  <testcase name="testAddToFront" time="0.0" classname="Test_2">
    <skipped/>
  </testcase> <!-- testAddToFront -->
  <testcase name="testAddToRear" time="0.0" classname="Test_2">
    <skipped/>
  </testcase> <!-- testAddToRear -->
  <testcase name="testAdd_invalidIndex" time="0.0" classname="Test_2">
    <skipped/>
  </testcase> <!-- testAdd_invalidIndex -->
  <testcase name="testAdd_invalidIndex" time="0.0" classname="Test_2">
    <skipped/>
  </testcase> <!-- testAdd_invalidIndex -->
  <testcase name="testAdd_validIndex" time="0.01" classname="Test_2">
    <skipped/>
  </testcase> <!-- testAdd_validIndex -->
  <testcase name="testAdd_validIndex" time="0.0" classname="Test_2">
    <skipped/>
  </testcase> <!-- testAdd_validIndex -->
  <testcase name="testContains_invalidElement" time="0.0" classname="Test_2">
    <skipped/>
  </testcase> <!-- testContains_invalidElement -->
  <testcase name="testContains_validElement" time="0.0" classname="Test_2">
    <skipped/>
  </testcase> <!-- testContains_validElement -->
  <testcase name="testFirst" time="0.0" classname="Test_2">
    <skipped/>
  </testcase> <!-- testFirst -->
  <testcase name="testGet_invalidIndex" time="0.0" classname="Test_2">
    <skipped/>
  </testcase> <!-- testGet_invalidIndex -->
  <testcase name="testGet_invalidIndex" time="0.0" classname="Test_2">
    <skipped/>
  </testcase> <!-- testGet_invalidIndex -->
  <testcase name="testGet_validIndex" time="0.0" classname="Test_2">
    <skipped/>
  </testcase> <!-- testGet_validIndex -->
  <testcase name="testIndexOf_invalidElement" time="0.0" classname="Test_2">
    <skipped/>
  </testcase> <!-- testIndexOf_invalidElement -->
  <testcase name="testIndexOf_validElement" time="0.0" classname="Test_2">
    <skipped/>
  </testcase> <!-- testIndexOf_validElement -->
  <testcase name="testIsEmpty" time="0.0" classname="Test_2">
    <skipped/>
  </testcase> <!-- testIsEmpty -->
  <testcase name="testIterator" time="0.0" classname="Test_2">
    <skipped/>
  </testcase> <!-- testIterator -->
  <testcase name="testLast" time="0.0" classname="Test_2">
    <skipped/>
  </testcase> <!-- testLast -->
  <testcase name="testRemoveFirst" time="0.01" classname="Test_2">
    <skipped/>
  </testcase> <!-- testRemoveFirst -->
  <testcase name="testRemoveLast" time="0.0" classname="Test_2">
    <skipped/>
  </testcase> <!-- testRemoveLast -->
  <testcase name="testRemove_invalidElement" time="0.0" classname="Test_2">
    <skipped/>
  </testcase> <!-- testRemove_invalidElement -->
  <testcase name="testRemove_invalidIndex" time="0.0" classname="Test_2">
    <skipped/>
  </testcase> <!-- testRemove_invalidIndex -->
  <testcase name="testRemove_invalidIndex" time="0.0" classname="Test_2">
    <skipped/>
  </testcase> <!-- testRemove_invalidIndex -->
  <testcase name="testRemove_validElement" time="0.0" classname="Test_2">
    <skipped/>
  </testcase> <!-- testRemove_validElement -->
  <testcase name="testRemove_validIndex" time="0.01" classname="Test_2">
    <skipped/>
  </testcase> <!-- testRemove_validIndex -->
  <testcase name="testSet_invalidIndex" time="0.0" classname="Test_2">
    <skipped/>
  </testcase> <!-- testSet_invalidIndex -->
  <testcase name="testSet_invalidIndex" time="0.0" classname="Test_2">
    <skipped/>
  </testcase> <!-- testSet_invalidIndex -->
  <testcase name="testSet_validIndex" time="0.0" classname="Test_2">
    <skipped/>
  </testcase> <!-- testSet_validIndex -->
  <testcase name="testSize" time="0.0" classname="Test_2">
    <skipped/>
  </testcase> <!-- testSize -->
</testsuite>
