<?xml version="1.0" encoding="UTF-8"?>
<!-- Generated by org.testng.reporters.JUnitXMLReporter -->
<testsuite hostname="JACOBPHILLIP" tests="204" failures="7" timestamp="20 Jul 2016 03:02:09 GMT" time="0.282" errors="0">
  <testcase name="testAdd" time="0.003" classname="Test_1"/>
  <testcase name="testAddAfter_invalidElement" time="0.001" classname="Test_1"/>
  <testcase name="testAddToFront" time="0.001" classname="Test_1"/>
  <testcase name="testAddToRear" time="0.001" classname="Test_1"/>
  <testcase name="testAdd_invalidIndex" time="0.001" classname="Test_1"/>
  <testcase name="testAdd_invalidIndex" time="0.0" classname="Test_1"/>
  <testcase name="testAdd_validIndex" time="0.001" classname="Test_1"/>
  <testcase name="testContains_invalidElement" time="0.002" classname="Test_1"/>
  <testcase name="testFirst" time="0.001" classname="Test_1"/>
  <testcase name="testGet" time="0.001" classname="Test_1"/>
  <testcase name="testIndexOf_invalidElement" time="0.0" classname="Test_1"/>
  <testcase name="testIsEmpty" time="0.0" classname="Test_1"/>
  <testcase name="testIterator" time="0.001" classname="Test_1"/>
  <testcase name="testLast" time="0.001" classname="Test_1"/>
  <testcase name="testRemoveFirst" time="0.001" classname="Test_1"/>
  <testcase name="testRemoveLast" time="0.001" classname="Test_1"/>
  <testcase name="testRemove_invalidElement" time="0.001" classname="Test_1"/>
  <testcase name="testRemove_invalidIndex" time="0.001" classname="Test_1"/>
  <testcase name="testSet" time="0.001" classname="Test_1"/>
  <testcase name="testSize" time="0.001" classname="Test_1"/>
  <testcase name="testAdd" time="0.0" classname="Test_2"/>
  <testcase name="testAddAfter_invalidElement" time="0.001" classname="Test_2"/>
  <testcase name="testAddAfter_validElement" time="0.001" classname="Test_2"/>
  <testcase name="testAddToFront" time="0.0" classname="Test_2"/>
  <testcase name="testAddToRear" time="0.001" classname="Test_2"/>
  <testcase name="testAdd_invalidIndex" time="0.0" classname="Test_2"/>
  <testcase name="testAdd_invalidIndex" time="0.0" classname="Test_2"/>
  <testcase name="testAdd_validIndex" time="0.001" classname="Test_2"/>
  <testcase name="testAdd_validIndex" time="0.001" classname="Test_2"/>
  <testcase name="testContains_invalidElement" time="0.001" classname="Test_2"/>
  <testcase name="testContains_validElement" time="0.001" classname="Test_2"/>
  <testcase name="testFirst" time="0.001" classname="Test_2"/>
  <testcase name="testGet_invalidIndex" time="0.0" classname="Test_2"/>
  <testcase name="testGet_invalidIndex" time="0.0" classname="Test_2"/>
  <testcase name="testGet_validIndex" time="0.001" classname="Test_2"/>
  <testcase name="testIndexOf_invalidElement" time="0.0" classname="Test_2"/>
  <testcase name="testIndexOf_validElement" time="0.001" classname="Test_2"/>
  <testcase name="testIsEmpty" time="0.001" classname="Test_2"/>
  <testcase name="testIterator" time="0.0" classname="Test_2">
    <failure type="java.lang.UnsupportedOperationException">
      <![CDATA[java.lang.UnsupportedOperationException
	at Test_2.testIterator(Test_2.java:173)
... Removed 25 stack frames]]>
    </failure>
  </testcase> <!-- testIterator -->
  <testcase name="testLast" time="0.001" classname="Test_2"/>
  <testcase name="testRemoveFirst" time="0.0" classname="Test_2"/>
  <testcase name="testRemoveLast" time="0.0" classname="Test_2"/>
  <testcase name="testRemove_invalidElement" time="0.0" classname="Test_2"/>
  <testcase name="testRemove_invalidIndex" time="0.0" classname="Test_2"/>
  <testcase name="testRemove_invalidIndex" time="0.0" classname="Test_2"/>
  <testcase name="testRemove_validElement" time="0.0" classname="Test_2"/>
  <testcase name="testRemove_validIndex" time="0.0" classname="Test_2"/>
  <testcase name="testSet_invalidIndex" time="0.0" classname="Test_2"/>
  <testcase name="testSet_invalidIndex" time="0.0" classname="Test_2"/>
  <testcase name="testSet_validIndex" time="0.0" classname="Test_2"/>
  <testcase name="testSize" time="0.001" classname="Test_2"/>
  <testcase name="testAdd" time="0.0" classname="Test_3"/>
  <testcase name="testAddAfter_invalidElement" time="0.001" classname="Test_3"/>
  <testcase name="testAddAfter_validElement" time="0.0" classname="Test_3"/>
  <testcase name="testAddToFront" time="0.0" classname="Test_3"/>
  <testcase name="testAddToRear" time="0.0" classname="Test_3"/>
  <testcase name="testAdd_invalidIndex" time="0.001" classname="Test_3"/>
  <testcase name="testAdd_invalidIndex" time="0.0" classname="Test_3"/>
  <testcase name="testAdd_validIndex" time="0.001" classname="Test_3"/>
  <testcase name="testAdd_validIndex" time="0.001" classname="Test_3"/>
  <testcase name="testContains_invalidElement" time="0.0" classname="Test_3"/>
  <testcase name="testContains_validElement" time="0.0" classname="Test_3"/>
  <testcase name="testFirst" time="0.0" classname="Test_3"/>
  <testcase name="testGet_invalidIndex" time="0.0" classname="Test_3"/>
  <testcase name="testGet_invalidIndex" time="0.0" classname="Test_3"/>
  <testcase name="testGet_validIndex" time="0.001" classname="Test_3"/>
  <testcase name="testIndexOf_invalidElement" time="0.001" classname="Test_3"/>
  <testcase name="testIndexOf_validElement" time="0.001" classname="Test_3"/>
  <testcase name="testIsEmpty" time="0.0" classname="Test_3"/>
  <testcase name="testIterator" time="0.0" classname="Test_3">
    <failure type="java.lang.UnsupportedOperationException">
      <![CDATA[java.lang.UnsupportedOperationException
	at Test_3.testIterator(Test_3.java:173)
... Removed 25 stack frames]]>
    </failure>
  </testcase> <!-- testIterator -->
  <testcase name="testLast" time="0.0" classname="Test_3"/>
  <testcase name="testRemoveFirst" time="0.0" classname="Test_3"/>
  <testcase name="testRemoveLast" time="0.001" classname="Test_3"/>
  <testcase name="testRemove_invalidElement" time="0.0" classname="Test_3"/>
  <testcase name="testRemove_invalidIndex" time="0.001" classname="Test_3"/>
  <testcase name="testRemove_invalidIndex" time="0.0" classname="Test_3"/>
  <testcase name="testRemove_validElement" time="0.0" classname="Test_3"/>
  <testcase name="testRemove_validIndex" time="0.0" classname="Test_3"/>
  <testcase name="testSet_invalidIndex" time="0.0" classname="Test_3"/>
  <testcase name="testSet_invalidIndex" time="0.0" classname="Test_3"/>
  <testcase name="testSet_validIndex" time="0.0" classname="Test_3"/>
  <testcase name="testSize" time="0.001" classname="Test_3"/>
  <testcase name="testAdd" time="0.0" classname="Test_4"/>
  <testcase name="testAddAfter_invalidElement" time="0.0" classname="Test_4"/>
  <testcase name="testAddAfter_validElement" time="0.0" classname="Test_4"/>
  <testcase name="testAddToFront" time="0.0" classname="Test_4"/>
  <testcase name="testAddToRear" time="0.0" classname="Test_4"/>
  <testcase name="testAdd_invalidIndex" time="0.0" classname="Test_4"/>
  <testcase name="testAdd_invalidIndex" time="0.0" classname="Test_4"/>
  <testcase name="testAdd_validIndex" time="0.0" classname="Test_4"/>
  <testcase name="testAdd_validIndex" time="0.0" classname="Test_4"/>
  <testcase name="testContains_invalidElement" time="0.0" classname="Test_4"/>
  <testcase name="testContains_validElement" time="0.0" classname="Test_4"/>
  <testcase name="testFirst" time="0.0" classname="Test_4"/>
  <testcase name="testGet_invalidIndex" time="0.0" classname="Test_4"/>
  <testcase name="testGet_invalidIndex" time="0.001" classname="Test_4"/>
  <testcase name="testGet_validIndex" time="0.0" classname="Test_4"/>
  <testcase name="testIndexOf_invalidElement" time="0.0" classname="Test_4"/>
  <testcase name="testIndexOf_validElement" time="0.0" classname="Test_4"/>
  <testcase name="testIsEmpty" time="0.0" classname="Test_4"/>
  <testcase name="testIterator" time="0.0" classname="Test_4">
    <failure type="java.lang.UnsupportedOperationException">
      <![CDATA[java.lang.UnsupportedOperationException
	at Test_4.testIterator(Test_4.java:173)
... Removed 25 stack frames]]>
    </failure>
  </testcase> <!-- testIterator -->
  <testcase name="testLast" time="0.0" classname="Test_4"/>
  <testcase name="testRemoveFirst" time="0.0" classname="Test_4"/>
  <testcase name="testRemoveLast" time="0.001" classname="Test_4"/>
  <testcase name="testRemove_invalidElement" time="0.001" classname="Test_4"/>
  <testcase name="testRemove_invalidIndex" time="0.0" classname="Test_4"/>
  <testcase name="testRemove_invalidIndex" time="0.0" classname="Test_4"/>
  <testcase name="testRemove_validElement" time="0.0" classname="Test_4"/>
  <testcase name="testRemove_validIndex" time="0.0" classname="Test_4"/>
  <testcase name="testSet_invalidIndex" time="0.0" classname="Test_4"/>
  <testcase name="testSet_invalidIndex" time="0.0" classname="Test_4"/>
  <testcase name="testSet_validIndex" time="0.0" classname="Test_4"/>
  <testcase name="testSize" time="0.0" classname="Test_4"/>
  <testcase name="testAdd" time="0.001" classname="Test_5"/>
  <testcase name="testAddAfter_invalidElement" time="0.001" classname="Test_5"/>
  <testcase name="testAddAfter_validElement" time="0.0" classname="Test_5"/>
  <testcase name="testAddToFront" time="0.001" classname="Test_5"/>
  <testcase name="testAddToRear" time="0.0" classname="Test_5"/>
  <testcase name="testAdd_invalidIndex" time="0.001" classname="Test_5"/>
  <testcase name="testAdd_invalidIndex" time="0.001" classname="Test_5"/>
  <testcase name="testAdd_validIndex" time="0.001" classname="Test_5"/>
  <testcase name="testAdd_validIndex" time="0.0" classname="Test_5"/>
  <testcase name="testContains_invalidElement" time="0.0" classname="Test_5"/>
  <testcase name="testContains_validElement" time="0.0" classname="Test_5"/>
  <testcase name="testFirst" time="0.0" classname="Test_5"/>
  <testcase name="testGet_invalidIndex" time="0.0" classname="Test_5"/>
  <testcase name="testGet_invalidIndex" time="0.0" classname="Test_5"/>
  <testcase name="testGet_validIndex" time="0.0" classname="Test_5"/>
  <testcase name="testIndexOf_invalidElement" time="0.0" classname="Test_5"/>
  <testcase name="testIndexOf_validElement" time="0.0" classname="Test_5"/>
  <testcase name="testIsEmpty" time="0.0" classname="Test_5"/>
  <testcase name="testIterator" time="0.0" classname="Test_5">
    <failure type="java.lang.UnsupportedOperationException">
      <![CDATA[java.lang.UnsupportedOperationException
	at Test_5.testIterator(Test_5.java:173)
... Removed 25 stack frames]]>
    </failure>
  </testcase> <!-- testIterator -->
  <testcase name="testLast" time="0.0" classname="Test_5"/>
  <testcase name="testRemoveFirst" time="0.001" classname="Test_5"/>
  <testcase name="testRemoveLast" time="0.0" classname="Test_5"/>
  <testcase name="testRemove_invalidElement" time="0.0" classname="Test_5"/>
  <testcase name="testRemove_invalidIndex" time="0.0" classname="Test_5"/>
  <testcase name="testRemove_invalidIndex" time="0.0" classname="Test_5"/>
  <testcase name="testRemove_validElement" time="0.001" classname="Test_5"/>
  <testcase name="testRemove_validIndex" time="0.0" classname="Test_5"/>
  <testcase name="testSet_invalidIndex" time="0.001" classname="Test_5"/>
  <testcase name="testSet_invalidIndex" time="0.001" classname="Test_5"/>
  <testcase name="testSet_validIndex" time="0.0" classname="Test_5"/>
  <testcase name="testSize" time="0.0" classname="Test_5"/>
  <testcase name="testAdd" time="0.0" classname="Test_6"/>
  <testcase name="testAddAfter_invalidElement" time="0.0" classname="Test_6"/>
  <testcase name="testAddToFront" time="0.0" classname="Test_6"/>
  <testcase name="testAddToRear" time="0.0" classname="Test_6"/>
  <testcase name="testAdd_invalidIndex" time="0.001" classname="Test_6"/>
  <testcase name="testAdd_invalidIndex" time="0.0" classname="Test_6"/>
  <testcase name="testAdd_validIndex" time="0.0" classname="Test_6"/>
  <testcase name="testContains_invalidElement" time="0.0" classname="Test_6"/>
  <testcase name="testFirst" time="0.0" classname="Test_6"/>
  <testcase name="testGet" time="0.0" classname="Test_6"/>
  <testcase name="testIndexOf_invalidElement" time="0.001" classname="Test_6"/>
  <testcase name="testIsEmpty" time="0.0" classname="Test_6"/>
  <testcase name="testIterator" time="0.001" classname="Test_6">
    <failure type="java.lang.UnsupportedOperationException">
      <![CDATA[java.lang.UnsupportedOperationException
	at Test_6.testIterator(Test_6.java:147)
... Removed 25 stack frames]]>
    </failure>
  </testcase> <!-- testIterator -->
  <testcase name="testLast" time="0.0" classname="Test_6"/>
  <testcase name="testRemoveFirst" time="0.0" classname="Test_6"/>
  <testcase name="testRemoveLast" time="0.001" classname="Test_6"/>
  <testcase name="testRemove_invalidElement" time="0.001" classname="Test_6"/>
  <testcase name="testRemove_invalidIndex" time="0.0" classname="Test_6"/>
  <testcase name="testSet" time="0.0" classname="Test_6"/>
  <testcase name="testSize" time="0.0" classname="Test_6"/>
  <testcase name="testAdd" time="0.0" classname="Test_7"/>
  <testcase name="testAddAfter_invalidElement" time="0.0" classname="Test_7"/>
  <testcase name="testAddToFront" time="0.0" classname="Test_7"/>
  <testcase name="testAddToRear" time="0.002" classname="Test_7"/>
  <testcase name="testAdd_invalidIndex" time="0.0" classname="Test_7"/>
  <testcase name="testAdd_invalidIndex" time="0.0" classname="Test_7"/>
  <testcase name="testAdd_validIndex" time="0.0" classname="Test_7"/>
  <testcase name="testContains_invalidElement" time="0.0" classname="Test_7"/>
  <testcase name="testFirst" time="0.001" classname="Test_7"/>
  <testcase name="testGet" time="0.001" classname="Test_7"/>
  <testcase name="testIndexOf_invalidElement" time="0.001" classname="Test_7"/>
  <testcase name="testIsEmpty" time="0.001" classname="Test_7"/>
  <testcase name="testIterator" time="0.0" classname="Test_7">
    <failure type="java.lang.UnsupportedOperationException">
      <![CDATA[java.lang.UnsupportedOperationException
	at Test_7.testIterator(Test_7.java:147)
... Removed 25 stack frames]]>
    </failure>
  </testcase> <!-- testIterator -->
  <testcase name="testLast" time="0.001" classname="Test_7"/>
  <testcase name="testRemoveFirst" time="0.001" classname="Test_7"/>
  <testcase name="testRemoveLast" time="0.0" classname="Test_7"/>
  <testcase name="testRemove_invalidElement" time="0.0" classname="Test_7"/>
  <testcase name="testRemove_invalidIndex" time="0.0" classname="Test_7"/>
  <testcase name="testSet" time="0.0" classname="Test_7"/>
  <testcase name="testSize" time="0.0" classname="Test_7"/>
  <testcase name="testAdd" time="0.0" classname="Test_8"/>
  <testcase name="testAddAfter_invalidElement" time="0.0" classname="Test_8"/>
  <testcase name="testAddToFront" time="0.0" classname="Test_8"/>
  <testcase name="testAddToRear" time="0.0" classname="Test_8"/>
  <testcase name="testAdd_invalidIndex" time="0.0" classname="Test_8"/>
  <testcase name="testAdd_invalidIndex" time="0.0" classname="Test_8"/>
  <testcase name="testAdd_validIndex" time="0.0" classname="Test_8"/>
  <testcase name="testContains_invalidElement" time="0.0" classname="Test_8"/>
  <testcase name="testFirst" time="0.001" classname="Test_8"/>
  <testcase name="testGet" time="0.001" classname="Test_8"/>
  <testcase name="testIndexOf_invalidElement" time="0.0" classname="Test_8"/>
  <testcase name="testIsEmpty" time="0.001" classname="Test_8"/>
  <testcase name="testIterator" time="0.0" classname="Test_8">
    <failure type="java.lang.UnsupportedOperationException">
      <![CDATA[java.lang.UnsupportedOperationException
	at Test_8.testIterator(Test_8.java:149)
... Removed 25 stack frames]]>
    </failure>
  </testcase> <!-- testIterator -->
  <testcase name="testLast" time="0.0" classname="Test_8"/>
  <testcase name="testRemoveFirst" time="0.0" classname="Test_8"/>
  <testcase name="testRemoveLast" time="0.0" classname="Test_8"/>
  <testcase name="testRemove_invalidElement" time="0.001" classname="Test_8"/>
  <testcase name="testRemove_invalidIndex" time="0.001" classname="Test_8"/>
  <testcase name="testSet" time="0.0" classname="Test_8"/>
  <testcase name="testSize" time="0.0" classname="Test_8"/>
</testsuite>
