<?xml version="1.0" encoding="UTF-8"?>
<testng-results skipped="0" failed="150" total="408" passed="258">
  <reporter-output>
  </reporter-output>
  <suite name="List Testing 2" duration-ms="540" started-at="2016-07-20T03:02:09Z" finished-at="2016-07-20T03:02:09Z">
    <groups>
    </groups>
    <test name="Good List" duration-ms="282" started-at="2016-07-20T03:02:09Z" finished-at="2016-07-20T03:02:09Z">
      <class name="Test_5">
        <test-method status="PASS" signature="testAdd()[pri:0, instance:Test_5@6d78f375]" name="testAdd" duration-ms="1" started-at="2016-07-19T21:02:09Z" finished-at="2016-07-19T21:02:09Z">
          <reporter-output>
          </reporter-output>
        </test-method> <!-- testAdd -->
        <test-method status="PASS" signature="initialize(java.lang.String)[pri:0, instance:Test_5@6d78f375]" name="initialize" is-config="true" duration-ms="0" started-at="2016-07-19T21:02:09Z" finished-at="2016-07-19T21:02:09Z">
          <params>
            <param index="0">
              <value>
                <![CDATA[goodList]]>
              </value>
            </param>
          </params>
          <reporter-output>
          </reporter-output>
        </test-method> <!-- initialize -->
        <test-method status="PASS" signature="initialize(java.lang.String)[pri:0, instance:Test_5@6d78f375]" name="initialize" is-config="true" duration-ms="0" started-at="2016-07-19T21:02:09Z" finished-at="2016-07-19T21:02:09Z">
          <params>
            <param index="0">
              <value>
                <![CDATA[goodList]]>
              </value>
            </param>
          </params>
          <reporter-output>
          </reporter-output>
        </test-method> <!-- initialize -->
        <test-method status="PASS" signature="testAddAfter_invalidElement()[pri:0, instance:Test_5@6d78f375]" name="testAddAfter_invalidElement" duration-ms="1" started-at="2016-07-19T21:02:09Z" finished-at="2016-07-19T21:02:09Z">
          <exception class="java.util.NoSuchElementException">
            <message>
              <![CDATA[GoodList]]>
            </message>
            <full-stacktrace>
              <![CDATA[java.util.NoSuchElementException: GoodList
	at GoodList.addAfter(GoodList.java:105)
	at TestCase.addAfter(TestCase.java:259)
	at Test_5.testAddAfter_invalidElement(Test_5.java:213)
	at sun.reflect.NativeMethodAccessorImpl.invoke0(Native Method)
	at sun.reflect.NativeMethodAccessorImpl.invoke(Unknown Source)
	at sun.reflect.DelegatingMethodAccessorImpl.invoke(Unknown Source)
	at java.lang.reflect.Method.invoke(Unknown Source)
	at org.testng.internal.MethodInvocationHelper.invokeMethod(MethodInvocationHelper.java:86)
	at org.testng.internal.Invoker.invokeMethod(Invoker.java:646)
	at org.testng.internal.Invoker.invokeTestMethod(Invoker.java:823)
	at org.testng.internal.Invoker.invokeTestMethods(Invoker.java:1131)
	at org.testng.internal.TestMethodWorker.invokeTestMethods(TestMethodWorker.java:129)
	at org.testng.internal.TestMethodWorker.run(TestMethodWorker.java:112)
	at org.testng.TestRunner.privateRun(TestRunner.java:778)
	at org.testng.TestRunner.run(TestRunner.java:632)
	at org.testng.SuiteRunner.runTest(SuiteRunner.java:366)
	at org.testng.SuiteRunner.runSequentially(SuiteRunner.java:361)
	at org.testng.SuiteRunner.privateRun(SuiteRunner.java:319)
	at org.testng.SuiteRunner.run(SuiteRunner.java:268)
	at org.testng.SuiteRunnerWorker.runSuite(SuiteRunnerWorker.java:52)
	at org.testng.SuiteRunnerWorker.run(SuiteRunnerWorker.java:86)
	at org.testng.TestNG.runSuitesSequentially(TestNG.java:1225)
	at org.testng.TestNG.runSuitesLocally(TestNG.java:1150)
	at org.testng.TestNG.runSuites(TestNG.java:1075)
	at org.testng.TestNG.run(TestNG.java:1047)
	at org.testng.remote.AbstractRemoteTestNG.run(AbstractRemoteTestNG.java:126)
	at org.testng.remote.RemoteTestNG.initAndRun(RemoteTestNG.java:137)
	at org.testng.remote.RemoteTestNG.main(RemoteTestNG.java:58)
]]>
            </full-stacktrace>
          </exception> <!-- java.util.NoSuchElementException -->
          <reporter-output>
          </reporter-output>
        </test-method> <!-- testAddAfter_invalidElement -->
        <test-method status="PASS" signature="testAddAfter_validElement(java.lang.Integer)[pri:0, instance:Test_5@6d78f375]" name="testAddAfter_validElement" duration-ms="0" started-at="2016-07-19T21:02:09Z" data-provider="validElements" finished-at="2016-07-19T21:02:09Z">
          <params>
            <param index="0">
              <value>
                <![CDATA[1]]>
              </value>
            </param>
          </params>
          <reporter-output>
          </reporter-output>
        </test-method> <!-- testAddAfter_validElement -->
        <test-method status="PASS" signature="initialize(java.lang.String)[pri:0, instance:Test_5@6d78f375]" name="initialize" is-config="true" duration-ms="0" started-at="2016-07-19T21:02:09Z" finished-at="2016-07-19T21:02:09Z">
          <params>
            <param index="0">
              <value>
                <![CDATA[goodList]]>
              </value>
            </param>
          </params>
          <reporter-output>
          </reporter-output>
        </test-method> <!-- initialize -->
        <test-method status="PASS" signature="testAddToFront()[pri:0, instance:Test_5@6d78f375]" name="testAddToFront" duration-ms="1" started-at="2016-07-19T21:02:09Z" finished-at="2016-07-19T21:02:09Z">
          <reporter-output>
          </reporter-output>
        </test-method> <!-- testAddToFront -->
        <test-method status="PASS" signature="initialize(java.lang.String)[pri:0, instance:Test_5@6d78f375]" name="initialize" is-config="true" duration-ms="0" started-at="2016-07-19T21:02:09Z" finished-at="2016-07-19T21:02:09Z">
          <params>
            <param index="0">
              <value>
                <![CDATA[goodList]]>
              </value>
            </param>
          </params>
          <reporter-output>
          </reporter-output>
        </test-method> <!-- initialize -->
        <test-method status="PASS" signature="testAddToRear()[pri:0, instance:Test_5@6d78f375]" name="testAddToRear" duration-ms="0" started-at="2016-07-19T21:02:09Z" finished-at="2016-07-19T21:02:09Z">
          <reporter-output>
          </reporter-output>
        </test-method> <!-- testAddToRear -->
        <test-method status="PASS" signature="initialize(java.lang.String)[pri:0, instance:Test_5@6d78f375]" name="initialize" is-config="true" duration-ms="0" started-at="2016-07-19T21:02:09Z" finished-at="2016-07-19T21:02:09Z">
          <params>
            <param index="0">
              <value>
                <![CDATA[goodList]]>
              </value>
            </param>
          </params>
          <reporter-output>
          </reporter-output>
        </test-method> <!-- initialize -->
        <test-method status="PASS" signature="initialize(java.lang.String)[pri:0, instance:Test_5@6d78f375]" name="initialize" is-config="true" duration-ms="0" started-at="2016-07-19T21:02:09Z" finished-at="2016-07-19T21:02:09Z">
          <params>
            <param index="0">
              <value>
                <![CDATA[goodList]]>
              </value>
            </param>
          </params>
          <reporter-output>
          </reporter-output>
        </test-method> <!-- initialize -->
        <test-method status="PASS" signature="testAdd_invalidIndex(int)[pri:0, instance:Test_5@6d78f375]" name="testAdd_invalidIndex" duration-ms="1" started-at="2016-07-19T21:02:09Z" data-provider="invalidAddIndexes" finished-at="2016-07-19T21:02:09Z">
          <params>
            <param index="0">
              <value>
                <![CDATA[-1]]>
              </value>
            </param>
          </params>
          <exception class="java.lang.IndexOutOfBoundsException">
            <message>
              <![CDATA[Index: -1, Size: 1]]>
            </message>
            <full-stacktrace>
              <![CDATA[java.lang.IndexOutOfBoundsException: Index: -1, Size: 1
	at java.util.LinkedList.checkPositionIndex(Unknown Source)
	at java.util.LinkedList.add(Unknown Source)
	at GoodList.add(GoodList.java:118)
	at TestCase.add(TestCase.java:170)
	at Test_5.testAdd_invalidIndex(Test_5.java:233)
	at sun.reflect.NativeMethodAccessorImpl.invoke0(Native Method)
	at sun.reflect.NativeMethodAccessorImpl.invoke(Unknown Source)
	at sun.reflect.DelegatingMethodAccessorImpl.invoke(Unknown Source)
	at java.lang.reflect.Method.invoke(Unknown Source)
	at org.testng.internal.MethodInvocationHelper.invokeMethod(MethodInvocationHelper.java:86)
	at org.testng.internal.Invoker.invokeMethod(Invoker.java:646)
	at org.testng.internal.Invoker.invokeTestMethod(Invoker.java:823)
	at org.testng.internal.Invoker.invokeTestMethods(Invoker.java:1131)
	at org.testng.internal.TestMethodWorker.invokeTestMethods(TestMethodWorker.java:129)
	at org.testng.internal.TestMethodWorker.run(TestMethodWorker.java:112)
	at org.testng.TestRunner.privateRun(TestRunner.java:778)
	at org.testng.TestRunner.run(TestRunner.java:632)
	at org.testng.SuiteRunner.runTest(SuiteRunner.java:366)
	at org.testng.SuiteRunner.runSequentially(SuiteRunner.java:361)
	at org.testng.SuiteRunner.privateRun(SuiteRunner.java:319)
	at org.testng.SuiteRunner.run(SuiteRunner.java:268)
	at org.testng.SuiteRunnerWorker.runSuite(SuiteRunnerWorker.java:52)
	at org.testng.SuiteRunnerWorker.run(SuiteRunnerWorker.java:86)
	at org.testng.TestNG.runSuitesSequentially(TestNG.java:1225)
	at org.testng.TestNG.runSuitesLocally(TestNG.java:1150)
	at org.testng.TestNG.runSuites(TestNG.java:1075)
	at org.testng.TestNG.run(TestNG.java:1047)
	at org.testng.remote.AbstractRemoteTestNG.run(AbstractRemoteTestNG.java:126)
	at org.testng.remote.RemoteTestNG.initAndRun(RemoteTestNG.java:137)
	at org.testng.remote.RemoteTestNG.main(RemoteTestNG.java:58)
]]>
            </full-stacktrace>
          </exception> <!-- java.lang.IndexOutOfBoundsException -->
          <reporter-output>
          </reporter-output>
        </test-method> <!-- testAdd_invalidIndex -->
        <test-method status="PASS" signature="initialize(java.lang.String)[pri:0, instance:Test_5@6d78f375]" name="initialize" is-config="true" duration-ms="0" started-at="2016-07-19T21:02:09Z" finished-at="2016-07-19T21:02:09Z">
          <params>
            <param index="0">
              <value>
                <![CDATA[goodList]]>
              </value>
            </param>
          </params>
          <reporter-output>
          </reporter-output>
        </test-method> <!-- initialize -->
        <test-method status="PASS" signature="testAdd_invalidIndex(int)[pri:0, instance:Test_5@6d78f375]" name="testAdd_invalidIndex" duration-ms="1" started-at="2016-07-19T21:02:09Z" data-provider="invalidAddIndexes" finished-at="2016-07-19T21:02:09Z">
          <params>
            <param index="0">
              <value>
                <![CDATA[2]]>
              </value>
            </param>
          </params>
          <exception class="java.lang.IndexOutOfBoundsException">
            <message>
              <![CDATA[Index: 2, Size: 1]]>
            </message>
            <full-stacktrace>
              <![CDATA[java.lang.IndexOutOfBoundsException: Index: 2, Size: 1
	at java.util.LinkedList.checkPositionIndex(Unknown Source)
	at java.util.LinkedList.add(Unknown Source)
	at GoodList.add(GoodList.java:118)
	at TestCase.add(TestCase.java:170)
	at Test_5.testAdd_invalidIndex(Test_5.java:233)
	at sun.reflect.NativeMethodAccessorImpl.invoke0(Native Method)
	at sun.reflect.NativeMethodAccessorImpl.invoke(Unknown Source)
	at sun.reflect.DelegatingMethodAccessorImpl.invoke(Unknown Source)
	at java.lang.reflect.Method.invoke(Unknown Source)
	at org.testng.internal.MethodInvocationHelper.invokeMethod(MethodInvocationHelper.java:86)
	at org.testng.internal.Invoker.invokeMethod(Invoker.java:646)
	at org.testng.internal.Invoker.invokeTestMethod(Invoker.java:823)
	at org.testng.internal.Invoker.invokeTestMethods(Invoker.java:1131)
	at org.testng.internal.TestMethodWorker.invokeTestMethods(TestMethodWorker.java:129)
	at org.testng.internal.TestMethodWorker.run(TestMethodWorker.java:112)
	at org.testng.TestRunner.privateRun(TestRunner.java:778)
	at org.testng.TestRunner.run(TestRunner.java:632)
	at org.testng.SuiteRunner.runTest(SuiteRunner.java:366)
	at org.testng.SuiteRunner.runSequentially(SuiteRunner.java:361)
	at org.testng.SuiteRunner.privateRun(SuiteRunner.java:319)
	at org.testng.SuiteRunner.run(SuiteRunner.java:268)
	at org.testng.SuiteRunnerWorker.runSuite(SuiteRunnerWorker.java:52)
	at org.testng.SuiteRunnerWorker.run(SuiteRunnerWorker.java:86)
	at org.testng.TestNG.runSuitesSequentially(TestNG.java:1225)
	at org.testng.TestNG.runSuitesLocally(TestNG.java:1150)
	at org.testng.TestNG.runSuites(TestNG.java:1075)
	at org.testng.TestNG.run(TestNG.java:1047)
	at org.testng.remote.AbstractRemoteTestNG.run(AbstractRemoteTestNG.java:126)
	at org.testng.remote.RemoteTestNG.initAndRun(RemoteTestNG.java:137)
	at org.testng.remote.RemoteTestNG.main(RemoteTestNG.java:58)
]]>
            </full-stacktrace>
          </exception> <!-- java.lang.IndexOutOfBoundsException -->
          <reporter-output>
          </reporter-output>
        </test-method> <!-- testAdd_invalidIndex -->
        <test-method status="PASS" signature="initialize(java.lang.String)[pri:0, instance:Test_5@6d78f375]" name="initialize" is-config="true" duration-ms="0" started-at="2016-07-19T21:02:09Z" finished-at="2016-07-19T21:02:09Z">
          <params>
            <param index="0">
              <value>
                <![CDATA[goodList]]>
              </value>
            </param>
          </params>
          <reporter-output>
          </reporter-output>
        </test-method> <!-- initialize -->
        <test-method status="PASS" signature="testAdd_validIndex(int)[pri:0, instance:Test_5@6d78f375]" name="testAdd_validIndex" duration-ms="1" started-at="2016-07-19T21:02:09Z" data-provider="validAddIndexes" finished-at="2016-07-19T21:02:09Z">
          <params>
            <param index="0">
              <value>
                <![CDATA[0]]>
              </value>
            </param>
          </params>
          <reporter-output>
          </reporter-output>
        </test-method> <!-- testAdd_validIndex -->
        <test-method status="PASS" signature="testAdd_validIndex(int)[pri:0, instance:Test_5@6d78f375]" name="testAdd_validIndex" duration-ms="0" started-at="2016-07-19T21:02:09Z" data-provider="validAddIndexes" finished-at="2016-07-19T21:02:09Z">
          <params>
            <param index="0">
              <value>
                <![CDATA[1]]>
              </value>
            </param>
          </params>
          <reporter-output>
          </reporter-output>
        </test-method> <!-- testAdd_validIndex -->
        <test-method status="PASS" signature="initialize(java.lang.String)[pri:0, instance:Test_5@6d78f375]" name="initialize" is-config="true" duration-ms="0" started-at="2016-07-19T21:02:09Z" finished-at="2016-07-19T21:02:09Z">
          <params>
            <param index="0">
              <value>
                <![CDATA[goodList]]>
              </value>
            </param>
          </params>
          <reporter-output>
          </reporter-output>
        </test-method> <!-- initialize -->
        <test-method status="PASS" signature="testContains_invalidElement()[pri:0, instance:Test_5@6d78f375]" name="testContains_invalidElement" duration-ms="0" started-at="2016-07-19T21:02:09Z" finished-at="2016-07-19T21:02:09Z">
          <reporter-output>
          </reporter-output>
        </test-method> <!-- testContains_invalidElement -->
        <test-method status="PASS" signature="initialize(java.lang.String)[pri:0, instance:Test_5@6d78f375]" name="initialize" is-config="true" duration-ms="0" started-at="2016-07-19T21:02:09Z" finished-at="2016-07-19T21:02:09Z">
          <params>
            <param index="0">
              <value>
                <![CDATA[goodList]]>
              </value>
            </param>
          </params>
          <reporter-output>
          </reporter-output>
        </test-method> <!-- initialize -->
        <test-method status="PASS" signature="initialize(java.lang.String)[pri:0, instance:Test_5@6d78f375]" name="initialize" is-config="true" duration-ms="0" started-at="2016-07-19T21:02:09Z" finished-at="2016-07-19T21:02:09Z">
          <params>
            <param index="0">
              <value>
                <![CDATA[goodList]]>
              </value>
            </param>
          </params>
          <reporter-output>
          </reporter-output>
        </test-method> <!-- initialize -->
        <test-method status="PASS" signature="testContains_validElement(java.lang.Integer)[pri:0, instance:Test_5@6d78f375]" name="testContains_validElement" duration-ms="0" started-at="2016-07-19T21:02:09Z" data-provider="validElements" finished-at="2016-07-19T21:02:09Z">
          <params>
            <param index="0">
              <value>
                <![CDATA[1]]>
              </value>
            </param>
          </params>
          <reporter-output>
          </reporter-output>
        </test-method> <!-- testContains_validElement -->
        <test-method status="PASS" signature="testFirst()[pri:0, instance:Test_5@6d78f375]" name="testFirst" duration-ms="0" started-at="2016-07-19T21:02:09Z" finished-at="2016-07-19T21:02:09Z">
          <reporter-output>
          </reporter-output>
        </test-method> <!-- testFirst -->
        <test-method status="PASS" signature="initialize(java.lang.String)[pri:0, instance:Test_5@6d78f375]" name="initialize" is-config="true" duration-ms="0" started-at="2016-07-19T21:02:09Z" finished-at="2016-07-19T21:02:09Z">
          <params>
            <param index="0">
              <value>
                <![CDATA[goodList]]>
              </value>
            </param>
          </params>
          <reporter-output>
          </reporter-output>
        </test-method> <!-- initialize -->
        <test-method status="PASS" signature="testGet_invalidIndex(int)[pri:0, instance:Test_5@6d78f375]" name="testGet_invalidIndex" duration-ms="0" started-at="2016-07-19T21:02:09Z" data-provider="invalidIndexes" finished-at="2016-07-19T21:02:09Z">
          <params>
            <param index="0">
              <value>
                <![CDATA[-1]]>
              </value>
            </param>
          </params>
          <exception class="java.lang.IndexOutOfBoundsException">
            <message>
              <![CDATA[Index: -1, Size: 1]]>
            </message>
            <full-stacktrace>
              <![CDATA[java.lang.IndexOutOfBoundsException: Index: -1, Size: 1
	at java.util.LinkedList.checkElementIndex(Unknown Source)
	at java.util.LinkedList.get(Unknown Source)
	at GoodList.get(GoodList.java:133)
	at TestCase.get(TestCase.java:214)
	at Test_5.testGet_invalidIndex(Test_5.java:303)
	at sun.reflect.NativeMethodAccessorImpl.invoke0(Native Method)
	at sun.reflect.NativeMethodAccessorImpl.invoke(Unknown Source)
	at sun.reflect.DelegatingMethodAccessorImpl.invoke(Unknown Source)
	at java.lang.reflect.Method.invoke(Unknown Source)
	at org.testng.internal.MethodInvocationHelper.invokeMethod(MethodInvocationHelper.java:86)
	at org.testng.internal.Invoker.invokeMethod(Invoker.java:646)
	at org.testng.internal.Invoker.invokeTestMethod(Invoker.java:823)
	at org.testng.internal.Invoker.invokeTestMethods(Invoker.java:1131)
	at org.testng.internal.TestMethodWorker.invokeTestMethods(TestMethodWorker.java:129)
	at org.testng.internal.TestMethodWorker.run(TestMethodWorker.java:112)
	at org.testng.TestRunner.privateRun(TestRunner.java:778)
	at org.testng.TestRunner.run(TestRunner.java:632)
	at org.testng.SuiteRunner.runTest(SuiteRunner.java:366)
	at org.testng.SuiteRunner.runSequentially(SuiteRunner.java:361)
	at org.testng.SuiteRunner.privateRun(SuiteRunner.java:319)
	at org.testng.SuiteRunner.run(SuiteRunner.java:268)
	at org.testng.SuiteRunnerWorker.runSuite(SuiteRunnerWorker.java:52)
	at org.testng.SuiteRunnerWorker.run(SuiteRunnerWorker.java:86)
	at org.testng.TestNG.runSuitesSequentially(TestNG.java:1225)
	at org.testng.TestNG.runSuitesLocally(TestNG.java:1150)
	at org.testng.TestNG.runSuites(TestNG.java:1075)
	at org.testng.TestNG.run(TestNG.java:1047)
	at org.testng.remote.AbstractRemoteTestNG.run(AbstractRemoteTestNG.java:126)
	at org.testng.remote.RemoteTestNG.initAndRun(RemoteTestNG.java:137)
	at org.testng.remote.RemoteTestNG.main(RemoteTestNG.java:58)
]]>
            </full-stacktrace>
          </exception> <!-- java.lang.IndexOutOfBoundsException -->
          <reporter-output>
          </reporter-output>
        </test-method> <!-- testGet_invalidIndex -->
        <test-method status="PASS" signature="initialize(java.lang.String)[pri:0, instance:Test_5@6d78f375]" name="initialize" is-config="true" duration-ms="0" started-at="2016-07-19T21:02:09Z" finished-at="2016-07-19T21:02:09Z">
          <params>
            <param index="0">
              <value>
                <![CDATA[goodList]]>
              </value>
            </param>
          </params>
          <reporter-output>
          </reporter-output>
        </test-method> <!-- initialize -->
        <test-method status="PASS" signature="testGet_invalidIndex(int)[pri:0, instance:Test_5@6d78f375]" name="testGet_invalidIndex" duration-ms="0" started-at="2016-07-19T21:02:09Z" data-provider="invalidIndexes" finished-at="2016-07-19T21:02:09Z">
          <params>
            <param index="0">
              <value>
                <![CDATA[1]]>
              </value>
            </param>
          </params>
          <exception class="java.lang.IndexOutOfBoundsException">
            <message>
              <![CDATA[Index: 1, Size: 1]]>
            </message>
            <full-stacktrace>
              <![CDATA[java.lang.IndexOutOfBoundsException: Index: 1, Size: 1
	at java.util.LinkedList.checkElementIndex(Unknown Source)
	at java.util.LinkedList.get(Unknown Source)
	at GoodList.get(GoodList.java:133)
	at TestCase.get(TestCase.java:214)
	at Test_5.testGet_invalidIndex(Test_5.java:303)
	at sun.reflect.NativeMethodAccessorImpl.invoke0(Native Method)
	at sun.reflect.NativeMethodAccessorImpl.invoke(Unknown Source)
	at sun.reflect.DelegatingMethodAccessorImpl.invoke(Unknown Source)
	at java.lang.reflect.Method.invoke(Unknown Source)
	at org.testng.internal.MethodInvocationHelper.invokeMethod(MethodInvocationHelper.java:86)
	at org.testng.internal.Invoker.invokeMethod(Invoker.java:646)
	at org.testng.internal.Invoker.invokeTestMethod(Invoker.java:823)
	at org.testng.internal.Invoker.invokeTestMethods(Invoker.java:1131)
	at org.testng.internal.TestMethodWorker.invokeTestMethods(TestMethodWorker.java:129)
	at org.testng.internal.TestMethodWorker.run(TestMethodWorker.java:112)
	at org.testng.TestRunner.privateRun(TestRunner.java:778)
	at org.testng.TestRunner.run(TestRunner.java:632)
	at org.testng.SuiteRunner.runTest(SuiteRunner.java:366)
	at org.testng.SuiteRunner.runSequentially(SuiteRunner.java:361)
	at org.testng.SuiteRunner.privateRun(SuiteRunner.java:319)
	at org.testng.SuiteRunner.run(SuiteRunner.java:268)
	at org.testng.SuiteRunnerWorker.runSuite(SuiteRunnerWorker.java:52)
	at org.testng.SuiteRunnerWorker.run(SuiteRunnerWorker.java:86)
	at org.testng.TestNG.runSuitesSequentially(TestNG.java:1225)
	at org.testng.TestNG.runSuitesLocally(TestNG.java:1150)
	at org.testng.TestNG.runSuites(TestNG.java:1075)
	at org.testng.TestNG.run(TestNG.java:1047)
	at org.testng.remote.AbstractRemoteTestNG.run(AbstractRemoteTestNG.java:126)
	at org.testng.remote.RemoteTestNG.initAndRun(RemoteTestNG.java:137)
	at org.testng.remote.RemoteTestNG.main(RemoteTestNG.java:58)
]]>
            </full-stacktrace>
          </exception> <!-- java.lang.IndexOutOfBoundsException -->
          <reporter-output>
          </reporter-output>
        </test-method> <!-- testGet_invalidIndex -->
        <test-method status="PASS" signature="initialize(java.lang.String)[pri:0, instance:Test_5@6d78f375]" name="initialize" is-config="true" duration-ms="0" started-at="2016-07-19T21:02:09Z" finished-at="2016-07-19T21:02:09Z">
          <params>
            <param index="0">
              <value>
                <![CDATA[goodList]]>
              </value>
            </param>
          </params>
          <reporter-output>
          </reporter-output>
        </test-method> <!-- initialize -->
        <test-method status="PASS" signature="initialize(java.lang.String)[pri:0, instance:Test_5@6d78f375]" name="initialize" is-config="true" duration-ms="0" started-at="2016-07-19T21:02:09Z" finished-at="2016-07-19T21:02:09Z">
          <params>
            <param index="0">
              <value>
                <![CDATA[goodList]]>
              </value>
            </param>
          </params>
          <reporter-output>
          </reporter-output>
        </test-method> <!-- initialize -->
        <test-method status="PASS" signature="testGet_validIndex(int, java.lang.Integer)[pri:0, instance:Test_5@6d78f375]" name="testGet_validIndex" duration-ms="0" started-at="2016-07-19T21:02:09Z" data-provider="indexedValidElements" finished-at="2016-07-19T21:02:09Z">
          <params>
            <param index="0">
              <value>
                <![CDATA[0]]>
              </value>
            </param>
            <param index="1">
              <value>
                <![CDATA[1]]>
              </value>
            </param>
          </params>
          <reporter-output>
          </reporter-output>
        </test-method> <!-- testGet_validIndex -->
        <test-method status="PASS" signature="testIndexOf_invalidElement()[pri:0, instance:Test_5@6d78f375]" name="testIndexOf_invalidElement" duration-ms="0" started-at="2016-07-19T21:02:09Z" finished-at="2016-07-19T21:02:09Z">
          <reporter-output>
          </reporter-output>
        </test-method> <!-- testIndexOf_invalidElement -->
        <test-method status="PASS" signature="initialize(java.lang.String)[pri:0, instance:Test_5@6d78f375]" name="initialize" is-config="true" duration-ms="0" started-at="2016-07-19T21:02:09Z" finished-at="2016-07-19T21:02:09Z">
          <params>
            <param index="0">
              <value>
                <![CDATA[goodList]]>
              </value>
            </param>
          </params>
          <reporter-output>
          </reporter-output>
        </test-method> <!-- initialize -->
        <test-method status="PASS" signature="testIndexOf_validElement(int, java.lang.Integer)[pri:0, instance:Test_5@6d78f375]" name="testIndexOf_validElement" duration-ms="0" started-at="2016-07-19T21:02:09Z" data-provider="indexedValidElements" finished-at="2016-07-19T21:02:09Z">
          <params>
            <param index="0">
              <value>
                <![CDATA[0]]>
              </value>
            </param>
            <param index="1">
              <value>
                <![CDATA[1]]>
              </value>
            </param>
          </params>
          <reporter-output>
          </reporter-output>
        </test-method> <!-- testIndexOf_validElement -->
        <test-method status="PASS" signature="initialize(java.lang.String)[pri:0, instance:Test_5@6d78f375]" name="initialize" is-config="true" duration-ms="1" started-at="2016-07-19T21:02:09Z" finished-at="2016-07-19T21:02:09Z">
          <params>
            <param index="0">
              <value>
                <![CDATA[goodList]]>
              </value>
            </param>
          </params>
          <reporter-output>
          </reporter-output>
        </test-method> <!-- initialize -->
        <test-method status="PASS" signature="initialize(java.lang.String)[pri:0, instance:Test_5@6d78f375]" name="initialize" is-config="true" duration-ms="0" started-at="2016-07-19T21:02:09Z" finished-at="2016-07-19T21:02:09Z">
          <params>
            <param index="0">
              <value>
                <![CDATA[goodList]]>
              </value>
            </param>
          </params>
          <reporter-output>
          </reporter-output>
        </test-method> <!-- initialize -->
        <test-method status="PASS" signature="initialize(java.lang.String)[pri:0, instance:Test_5@6d78f375]" name="initialize" is-config="true" duration-ms="0" started-at="2016-07-19T21:02:09Z" finished-at="2016-07-19T21:02:09Z">
          <params>
            <param index="0">
              <value>
                <![CDATA[goodList]]>
              </value>
            </param>
          </params>
          <reporter-output>
          </reporter-output>
        </test-method> <!-- initialize -->
        <test-method status="PASS" signature="testIsEmpty()[pri:0, instance:Test_5@6d78f375]" name="testIsEmpty" duration-ms="0" started-at="2016-07-19T21:02:09Z" finished-at="2016-07-19T21:02:09Z">
          <reporter-output>
          </reporter-output>
        </test-method> <!-- testIsEmpty -->
        <test-method status="FAIL" signature="testIterator()[pri:0, instance:Test_5@6d78f375]" name="testIterator" duration-ms="0" started-at="2016-07-19T21:02:09Z" finished-at="2016-07-19T21:02:09Z">
          <exception class="java.lang.UnsupportedOperationException">
            <full-stacktrace>
              <![CDATA[java.lang.UnsupportedOperationException
	at Test_5.testIterator(Test_5.java:173)
	at sun.reflect.NativeMethodAccessorImpl.invoke0(Native Method)
	at sun.reflect.NativeMethodAccessorImpl.invoke(Unknown Source)
	at sun.reflect.DelegatingMethodAccessorImpl.invoke(Unknown Source)
	at java.lang.reflect.Method.invoke(Unknown Source)
	at org.testng.internal.MethodInvocationHelper.invokeMethod(MethodInvocationHelper.java:86)
	at org.testng.internal.Invoker.invokeMethod(Invoker.java:646)
	at org.testng.internal.Invoker.invokeTestMethod(Invoker.java:823)
	at org.testng.internal.Invoker.invokeTestMethods(Invoker.java:1131)
	at org.testng.internal.TestMethodWorker.invokeTestMethods(TestMethodWorker.java:129)
	at org.testng.internal.TestMethodWorker.run(TestMethodWorker.java:112)
	at org.testng.TestRunner.privateRun(TestRunner.java:778)
	at org.testng.TestRunner.run(TestRunner.java:632)
	at org.testng.SuiteRunner.runTest(SuiteRunner.java:366)
	at org.testng.SuiteRunner.runSequentially(SuiteRunner.java:361)
	at org.testng.SuiteRunner.privateRun(SuiteRunner.java:319)
	at org.testng.SuiteRunner.run(SuiteRunner.java:268)
	at org.testng.SuiteRunnerWorker.runSuite(SuiteRunnerWorker.java:52)
	at org.testng.SuiteRunnerWorker.run(SuiteRunnerWorker.java:86)
	at org.testng.TestNG.runSuitesSequentially(TestNG.java:1225)
	at org.testng.TestNG.runSuitesLocally(TestNG.java:1150)
	at org.testng.TestNG.runSuites(TestNG.java:1075)
	at org.testng.TestNG.run(TestNG.java:1047)
	at org.testng.remote.AbstractRemoteTestNG.run(AbstractRemoteTestNG.java:126)
	at org.testng.remote.RemoteTestNG.initAndRun(RemoteTestNG.java:137)
	at org.testng.remote.RemoteTestNG.main(RemoteTestNG.java:58)
]]>
            </full-stacktrace>
          </exception> <!-- java.lang.UnsupportedOperationException -->
          <reporter-output>
          </reporter-output>
        </test-method> <!-- testIterator -->
        <test-method status="PASS" signature="testRemoveFirst()[pri:0, instance:Test_5@6d78f375]" name="testRemoveFirst" duration-ms="1" started-at="2016-07-19T21:02:09Z" finished-at="2016-07-19T21:02:09Z">
          <reporter-output>
          </reporter-output>
        </test-method> <!-- testRemoveFirst -->
        <test-method status="PASS" signature="testLast()[pri:0, instance:Test_5@6d78f375]" name="testLast" duration-ms="0" started-at="2016-07-19T21:02:09Z" finished-at="2016-07-19T21:02:09Z">
          <reporter-output>
          </reporter-output>
        </test-method> <!-- testLast -->
        <test-method status="PASS" signature="initialize(java.lang.String)[pri:0, instance:Test_5@6d78f375]" name="initialize" is-config="true" duration-ms="0" started-at="2016-07-19T21:02:09Z" finished-at="2016-07-19T21:02:09Z">
          <params>
            <param index="0">
              <value>
                <![CDATA[goodList]]>
              </value>
            </param>
          </params>
          <reporter-output>
          </reporter-output>
        </test-method> <!-- initialize -->
        <test-method status="PASS" signature="initialize(java.lang.String)[pri:0, instance:Test_5@6d78f375]" name="initialize" is-config="true" duration-ms="0" started-at="2016-07-19T21:02:09Z" finished-at="2016-07-19T21:02:09Z">
          <params>
            <param index="0">
              <value>
                <![CDATA[goodList]]>
              </value>
            </param>
          </params>
          <reporter-output>
          </reporter-output>
        </test-method> <!-- initialize -->
        <test-method status="PASS" signature="initialize(java.lang.String)[pri:0, instance:Test_5@6d78f375]" name="initialize" is-config="true" duration-ms="0" started-at="2016-07-19T21:02:09Z" finished-at="2016-07-19T21:02:09Z">
          <params>
            <param index="0">
              <value>
                <![CDATA[goodList]]>
              </value>
            </param>
          </params>
          <reporter-output>
          </reporter-output>
        </test-method> <!-- initialize -->
        <test-method status="PASS" signature="testRemoveLast()[pri:0, instance:Test_5@6d78f375]" name="testRemoveLast" duration-ms="0" started-at="2016-07-19T21:02:09Z" finished-at="2016-07-19T21:02:09Z">
          <reporter-output>
          </reporter-output>
        </test-method> <!-- testRemoveLast -->
        <test-method status="PASS" signature="initialize(java.lang.String)[pri:0, instance:Test_5@6d78f375]" name="initialize" is-config="true" duration-ms="0" started-at="2016-07-19T21:02:09Z" finished-at="2016-07-19T21:02:09Z">
          <params>
            <param index="0">
              <value>
                <![CDATA[goodList]]>
              </value>
            </param>
          </params>
          <reporter-output>
          </reporter-output>
        </test-method> <!-- initialize -->
        <test-method status="PASS" signature="initialize(java.lang.String)[pri:0, instance:Test_5@6d78f375]" name="initialize" is-config="true" duration-ms="1" started-at="2016-07-19T21:02:09Z" finished-at="2016-07-19T21:02:09Z">
          <params>
            <param index="0">
              <value>
                <![CDATA[goodList]]>
              </value>
            </param>
          </params>
          <reporter-output>
          </reporter-output>
        </test-method> <!-- initialize -->
        <test-method status="PASS" signature="testRemove_invalidElement()[pri:0, instance:Test_5@6d78f375]" name="testRemove_invalidElement" duration-ms="0" started-at="2016-07-19T21:02:09Z" finished-at="2016-07-19T21:02:09Z">
          <exception class="java.util.NoSuchElementException">
            <message>
              <![CDATA[GoodList]]>
            </message>
            <full-stacktrace>
              <![CDATA[java.util.NoSuchElementException: GoodList
	at GoodList.remove(GoodList.java:44)
	at TestCase.remove(TestCase.java:92)
	at Test_5.testRemove_invalidElement(Test_5.java:102)
	at sun.reflect.NativeMethodAccessorImpl.invoke0(Native Method)
	at sun.reflect.NativeMethodAccessorImpl.invoke(Unknown Source)
	at sun.reflect.DelegatingMethodAccessorImpl.invoke(Unknown Source)
	at java.lang.reflect.Method.invoke(Unknown Source)
	at org.testng.internal.MethodInvocationHelper.invokeMethod(MethodInvocationHelper.java:86)
	at org.testng.internal.Invoker.invokeMethod(Invoker.java:646)
	at org.testng.internal.Invoker.invokeTestMethod(Invoker.java:823)
	at org.testng.internal.Invoker.invokeTestMethods(Invoker.java:1131)
	at org.testng.internal.TestMethodWorker.invokeTestMethods(TestMethodWorker.java:129)
	at org.testng.internal.TestMethodWorker.run(TestMethodWorker.java:112)
	at org.testng.TestRunner.privateRun(TestRunner.java:778)
	at org.testng.TestRunner.run(TestRunner.java:632)
	at org.testng.SuiteRunner.runTest(SuiteRunner.java:366)
	at org.testng.SuiteRunner.runSequentially(SuiteRunner.java:361)
	at org.testng.SuiteRunner.privateRun(SuiteRunner.java:319)
	at org.testng.SuiteRunner.run(SuiteRunner.java:268)
	at org.testng.SuiteRunnerWorker.runSuite(SuiteRunnerWorker.java:52)
	at org.testng.SuiteRunnerWorker.run(SuiteRunnerWorker.java:86)
	at org.testng.TestNG.runSuitesSequentially(TestNG.java:1225)
	at org.testng.TestNG.runSuitesLocally(TestNG.java:1150)
	at org.testng.TestNG.runSuites(TestNG.java:1075)
	at org.testng.TestNG.run(TestNG.java:1047)
	at org.testng.remote.AbstractRemoteTestNG.run(AbstractRemoteTestNG.java:126)
	at org.testng.remote.RemoteTestNG.initAndRun(RemoteTestNG.java:137)
	at org.testng.remote.RemoteTestNG.main(RemoteTestNG.java:58)
]]>
            </full-stacktrace>
          </exception> <!-- java.util.NoSuchElementException -->
          <reporter-output>
          </reporter-output>
        </test-method> <!-- testRemove_invalidElement -->
        <test-method status="PASS" signature="testRemove_invalidIndex(int)[pri:0, instance:Test_5@6d78f375]" name="testRemove_invalidIndex" duration-ms="0" started-at="2016-07-19T21:02:09Z" data-provider="invalidIndexes" finished-at="2016-07-19T21:02:09Z">
          <params>
            <param index="0">
              <value>
                <![CDATA[1]]>
              </value>
            </param>
          </params>
          <exception class="java.lang.IndexOutOfBoundsException">
            <message>
              <![CDATA[Index: 1, Size: 1]]>
            </message>
            <full-stacktrace>
              <![CDATA[java.lang.IndexOutOfBoundsException: Index: 1, Size: 1
	at java.util.LinkedList.checkElementIndex(Unknown Source)
	at java.util.LinkedList.remove(Unknown Source)
	at GoodList.remove(GoodList.java:143)
	at TestCase.remove(TestCase.java:181)
	at Test_5.testRemove_invalidIndex(Test_5.java:253)
	at sun.reflect.NativeMethodAccessorImpl.invoke0(Native Method)
	at sun.reflect.NativeMethodAccessorImpl.invoke(Unknown Source)
	at sun.reflect.DelegatingMethodAccessorImpl.invoke(Unknown Source)
	at java.lang.reflect.Method.invoke(Unknown Source)
	at org.testng.internal.MethodInvocationHelper.invokeMethod(MethodInvocationHelper.java:86)
	at org.testng.internal.Invoker.invokeMethod(Invoker.java:646)
	at org.testng.internal.Invoker.invokeTestMethod(Invoker.java:823)
	at org.testng.internal.Invoker.invokeTestMethods(Invoker.java:1131)
	at org.testng.internal.TestMethodWorker.invokeTestMethods(TestMethodWorker.java:129)
	at org.testng.internal.TestMethodWorker.run(TestMethodWorker.java:112)
	at org.testng.TestRunner.privateRun(TestRunner.java:778)
	at org.testng.TestRunner.run(TestRunner.java:632)
	at org.testng.SuiteRunner.runTest(SuiteRunner.java:366)
	at org.testng.SuiteRunner.runSequentially(SuiteRunner.java:361)
	at org.testng.SuiteRunner.privateRun(SuiteRunner.java:319)
	at org.testng.SuiteRunner.run(SuiteRunner.java:268)
	at org.testng.SuiteRunnerWorker.runSuite(SuiteRunnerWorker.java:52)
	at org.testng.SuiteRunnerWorker.run(SuiteRunnerWorker.java:86)
	at org.testng.TestNG.runSuitesSequentially(TestNG.java:1225)
	at org.testng.TestNG.runSuitesLocally(TestNG.java:1150)
	at org.testng.TestNG.runSuites(TestNG.java:1075)
	at org.testng.TestNG.run(TestNG.java:1047)
	at org.testng.remote.AbstractRemoteTestNG.run(AbstractRemoteTestNG.java:126)
	at org.testng.remote.RemoteTestNG.initAndRun(RemoteTestNG.java:137)
	at org.testng.remote.RemoteTestNG.main(RemoteTestNG.java:58)
]]>
            </full-stacktrace>
          </exception> <!-- java.lang.IndexOutOfBoundsException -->
          <reporter-output>
          </reporter-output>
        </test-method> <!-- testRemove_invalidIndex -->
        <test-method status="PASS" signature="testRemove_invalidIndex(int)[pri:0, instance:Test_5@6d78f375]" name="testRemove_invalidIndex" duration-ms="0" started-at="2016-07-19T21:02:09Z" data-provider="invalidIndexes" finished-at="2016-07-19T21:02:09Z">
          <params>
            <param index="0">
              <value>
                <![CDATA[-1]]>
              </value>
            </param>
          </params>
          <exception class="java.lang.IndexOutOfBoundsException">
            <message>
              <![CDATA[Index: -1, Size: 1]]>
            </message>
            <full-stacktrace>
              <![CDATA[java.lang.IndexOutOfBoundsException: Index: -1, Size: 1
	at java.util.LinkedList.checkElementIndex(Unknown Source)
	at java.util.LinkedList.remove(Unknown Source)
	at GoodList.remove(GoodList.java:143)
	at TestCase.remove(TestCase.java:181)
	at Test_5.testRemove_invalidIndex(Test_5.java:253)
	at sun.reflect.NativeMethodAccessorImpl.invoke0(Native Method)
	at sun.reflect.NativeMethodAccessorImpl.invoke(Unknown Source)
	at sun.reflect.DelegatingMethodAccessorImpl.invoke(Unknown Source)
	at java.lang.reflect.Method.invoke(Unknown Source)
	at org.testng.internal.MethodInvocationHelper.invokeMethod(MethodInvocationHelper.java:86)
	at org.testng.internal.Invoker.invokeMethod(Invoker.java:646)
	at org.testng.internal.Invoker.invokeTestMethod(Invoker.java:823)
	at org.testng.internal.Invoker.invokeTestMethods(Invoker.java:1131)
	at org.testng.internal.TestMethodWorker.invokeTestMethods(TestMethodWorker.java:129)
	at org.testng.internal.TestMethodWorker.run(TestMethodWorker.java:112)
	at org.testng.TestRunner.privateRun(TestRunner.java:778)
	at org.testng.TestRunner.run(TestRunner.java:632)
	at org.testng.SuiteRunner.runTest(SuiteRunner.java:366)
	at org.testng.SuiteRunner.runSequentially(SuiteRunner.java:361)
	at org.testng.SuiteRunner.privateRun(SuiteRunner.java:319)
	at org.testng.SuiteRunner.run(SuiteRunner.java:268)
	at org.testng.SuiteRunnerWorker.runSuite(SuiteRunnerWorker.java:52)
	at org.testng.SuiteRunnerWorker.run(SuiteRunnerWorker.java:86)
	at org.testng.TestNG.runSuitesSequentially(TestNG.java:1225)
	at org.testng.TestNG.runSuitesLocally(TestNG.java:1150)
	at org.testng.TestNG.runSuites(TestNG.java:1075)
	at org.testng.TestNG.run(TestNG.java:1047)
	at org.testng.remote.AbstractRemoteTestNG.run(AbstractRemoteTestNG.java:126)
	at org.testng.remote.RemoteTestNG.initAndRun(RemoteTestNG.java:137)
	at org.testng.remote.RemoteTestNG.main(RemoteTestNG.java:58)
]]>
            </full-stacktrace>
          </exception> <!-- java.lang.IndexOutOfBoundsException -->
          <reporter-output>
          </reporter-output>
        </test-method> <!-- testRemove_invalidIndex -->
        <test-method status="PASS" signature="initialize(java.lang.String)[pri:0, instance:Test_5@6d78f375]" name="initialize" is-config="true" duration-ms="0" started-at="2016-07-19T21:02:09Z" finished-at="2016-07-19T21:02:09Z">
          <params>
            <param index="0">
              <value>
                <![CDATA[goodList]]>
              </value>
            </param>
          </params>
          <reporter-output>
          </reporter-output>
        </test-method> <!-- initialize -->
        <test-method status="PASS" signature="testRemove_validElement(java.lang.Integer)[pri:0, instance:Test_5@6d78f375]" name="testRemove_validElement" duration-ms="1" started-at="2016-07-19T21:02:09Z" data-provider="validElements" finished-at="2016-07-19T21:02:09Z">
          <params>
            <param index="0">
              <value>
                <![CDATA[1]]>
              </value>
            </param>
          </params>
          <reporter-output>
          </reporter-output>
        </test-method> <!-- testRemove_validElement -->
        <test-method status="PASS" signature="initialize(java.lang.String)[pri:0, instance:Test_5@6d78f375]" name="initialize" is-config="true" duration-ms="0" started-at="2016-07-19T21:02:09Z" finished-at="2016-07-19T21:02:09Z">
          <params>
            <param index="0">
              <value>
                <![CDATA[goodList]]>
              </value>
            </param>
          </params>
          <reporter-output>
          </reporter-output>
        </test-method> <!-- initialize -->
        <test-method status="PASS" signature="initialize(java.lang.String)[pri:0, instance:Test_5@6d78f375]" name="initialize" is-config="true" duration-ms="0" started-at="2016-07-19T21:02:09Z" finished-at="2016-07-19T21:02:09Z">
          <params>
            <param index="0">
              <value>
                <![CDATA[goodList]]>
              </value>
            </param>
          </params>
          <reporter-output>
          </reporter-output>
        </test-method> <!-- initialize -->
        <test-method status="PASS" signature="testRemove_validIndex(int, java.lang.Integer)[pri:0, instance:Test_5@6d78f375]" name="testRemove_validIndex" duration-ms="0" started-at="2016-07-19T21:02:09Z" data-provider="indexedValidElements" finished-at="2016-07-19T21:02:09Z">
          <params>
            <param index="0">
              <value>
                <![CDATA[0]]>
              </value>
            </param>
            <param index="1">
              <value>
                <![CDATA[1]]>
              </value>
            </param>
          </params>
          <reporter-output>
          </reporter-output>
        </test-method> <!-- testRemove_validIndex -->
        <test-method status="PASS" signature="testSet_invalidIndex(int)[pri:0, instance:Test_5@6d78f375]" name="testSet_invalidIndex" duration-ms="1" started-at="2016-07-19T21:02:09Z" data-provider="invalidIndexes" finished-at="2016-07-19T21:02:09Z">
          <params>
            <param index="0">
              <value>
                <![CDATA[-1]]>
              </value>
            </param>
          </params>
          <exception class="java.lang.IndexOutOfBoundsException">
            <message>
              <![CDATA[Index: -1, Size: 1]]>
            </message>
            <full-stacktrace>
              <![CDATA[java.lang.IndexOutOfBoundsException: Index: -1, Size: 1
	at java.util.LinkedList.checkElementIndex(Unknown Source)
	at java.util.LinkedList.set(Unknown Source)
	at GoodList.set(GoodList.java:123)
	at TestCase.set(TestCase.java:193)
	at Test_5.testSet_invalidIndex(Test_5.java:273)
	at sun.reflect.NativeMethodAccessorImpl.invoke0(Native Method)
	at sun.reflect.NativeMethodAccessorImpl.invoke(Unknown Source)
	at sun.reflect.DelegatingMethodAccessorImpl.invoke(Unknown Source)
	at java.lang.reflect.Method.invoke(Unknown Source)
	at org.testng.internal.MethodInvocationHelper.invokeMethod(MethodInvocationHelper.java:86)
	at org.testng.internal.Invoker.invokeMethod(Invoker.java:646)
	at org.testng.internal.Invoker.invokeTestMethod(Invoker.java:823)
	at org.testng.internal.Invoker.invokeTestMethods(Invoker.java:1131)
	at org.testng.internal.TestMethodWorker.invokeTestMethods(TestMethodWorker.java:129)
	at org.testng.internal.TestMethodWorker.run(TestMethodWorker.java:112)
	at org.testng.TestRunner.privateRun(TestRunner.java:778)
	at org.testng.TestRunner.run(TestRunner.java:632)
	at org.testng.SuiteRunner.runTest(SuiteRunner.java:366)
	at org.testng.SuiteRunner.runSequentially(SuiteRunner.java:361)
	at org.testng.SuiteRunner.privateRun(SuiteRunner.java:319)
	at org.testng.SuiteRunner.run(SuiteRunner.java:268)
	at org.testng.SuiteRunnerWorker.runSuite(SuiteRunnerWorker.java:52)
	at org.testng.SuiteRunnerWorker.run(SuiteRunnerWorker.java:86)
	at org.testng.TestNG.runSuitesSequentially(TestNG.java:1225)
	at org.testng.TestNG.runSuitesLocally(TestNG.java:1150)
	at org.testng.TestNG.runSuites(TestNG.java:1075)
	at org.testng.TestNG.run(TestNG.java:1047)
	at org.testng.remote.AbstractRemoteTestNG.run(AbstractRemoteTestNG.java:126)
	at org.testng.remote.RemoteTestNG.initAndRun(RemoteTestNG.java:137)
	at org.testng.remote.RemoteTestNG.main(RemoteTestNG.java:58)
]]>
            </full-stacktrace>
          </exception> <!-- java.lang.IndexOutOfBoundsException -->
          <reporter-output>
          </reporter-output>
        </test-method> <!-- testSet_invalidIndex -->
        <test-method status="PASS" signature="initialize(java.lang.String)[pri:0, instance:Test_5@6d78f375]" name="initialize" is-config="true" duration-ms="0" started-at="2016-07-19T21:02:09Z" finished-at="2016-07-19T21:02:09Z">
          <params>
            <param index="0">
              <value>
                <![CDATA[goodList]]>
              </value>
            </param>
          </params>
          <reporter-output>
          </reporter-output>
        </test-method> <!-- initialize -->
        <test-method status="PASS" signature="initialize(java.lang.String)[pri:0, instance:Test_5@6d78f375]" name="initialize" is-config="true" duration-ms="0" started-at="2016-07-19T21:02:09Z" finished-at="2016-07-19T21:02:09Z">
          <params>
            <param index="0">
              <value>
                <![CDATA[goodList]]>
              </value>
            </param>
          </params>
          <reporter-output>
          </reporter-output>
        </test-method> <!-- initialize -->
        <test-method status="PASS" signature="testSet_invalidIndex(int)[pri:0, instance:Test_5@6d78f375]" name="testSet_invalidIndex" duration-ms="1" started-at="2016-07-19T21:02:09Z" data-provider="invalidIndexes" finished-at="2016-07-19T21:02:09Z">
          <params>
            <param index="0">
              <value>
                <![CDATA[1]]>
              </value>
            </param>
          </params>
          <exception class="java.lang.IndexOutOfBoundsException">
            <message>
              <![CDATA[Index: 1, Size: 1]]>
            </message>
            <full-stacktrace>
              <![CDATA[java.lang.IndexOutOfBoundsException: Index: 1, Size: 1
	at java.util.LinkedList.checkElementIndex(Unknown Source)
	at java.util.LinkedList.set(Unknown Source)
	at GoodList.set(GoodList.java:123)
	at TestCase.set(TestCase.java:193)
	at Test_5.testSet_invalidIndex(Test_5.java:273)
	at sun.reflect.NativeMethodAccessorImpl.invoke0(Native Method)
	at sun.reflect.NativeMethodAccessorImpl.invoke(Unknown Source)
	at sun.reflect.DelegatingMethodAccessorImpl.invoke(Unknown Source)
	at java.lang.reflect.Method.invoke(Unknown Source)
	at org.testng.internal.MethodInvocationHelper.invokeMethod(MethodInvocationHelper.java:86)
	at org.testng.internal.Invoker.invokeMethod(Invoker.java:646)
	at org.testng.internal.Invoker.invokeTestMethod(Invoker.java:823)
	at org.testng.internal.Invoker.invokeTestMethods(Invoker.java:1131)
	at org.testng.internal.TestMethodWorker.invokeTestMethods(TestMethodWorker.java:129)
	at org.testng.internal.TestMethodWorker.run(TestMethodWorker.java:112)
	at org.testng.TestRunner.privateRun(TestRunner.java:778)
	at org.testng.TestRunner.run(TestRunner.java:632)
	at org.testng.SuiteRunner.runTest(SuiteRunner.java:366)
	at org.testng.SuiteRunner.runSequentially(SuiteRunner.java:361)
	at org.testng.SuiteRunner.privateRun(SuiteRunner.java:319)
	at org.testng.SuiteRunner.run(SuiteRunner.java:268)
	at org.testng.SuiteRunnerWorker.runSuite(SuiteRunnerWorker.java:52)
	at org.testng.SuiteRunnerWorker.run(SuiteRunnerWorker.java:86)
	at org.testng.TestNG.runSuitesSequentially(TestNG.java:1225)
	at org.testng.TestNG.runSuitesLocally(TestNG.java:1150)
	at org.testng.TestNG.runSuites(TestNG.java:1075)
	at org.testng.TestNG.run(TestNG.java:1047)
	at org.testng.remote.AbstractRemoteTestNG.run(AbstractRemoteTestNG.java:126)
	at org.testng.remote.RemoteTestNG.initAndRun(RemoteTestNG.java:137)
	at org.testng.remote.RemoteTestNG.main(RemoteTestNG.java:58)
]]>
            </full-stacktrace>
          </exception> <!-- java.lang.IndexOutOfBoundsException -->
          <reporter-output>
          </reporter-output>
        </test-method> <!-- testSet_invalidIndex -->
        <test-method status="PASS" signature="initialize(java.lang.String)[pri:0, instance:Test_5@6d78f375]" name="initialize" is-config="true" duration-ms="0" started-at="2016-07-19T21:02:09Z" finished-at="2016-07-19T21:02:09Z">
          <params>
            <param index="0">
              <value>
                <![CDATA[goodList]]>
              </value>
            </param>
          </params>
          <reporter-output>
          </reporter-output>
        </test-method> <!-- initialize -->
        <test-method status="PASS" signature="testSet_validIndex(int)[pri:0, instance:Test_5@6d78f375]" name="testSet_validIndex" duration-ms="0" started-at="2016-07-19T21:02:09Z" data-provider="validIndexes" finished-at="2016-07-19T21:02:09Z">
          <params>
            <param index="0">
              <value>
                <![CDATA[0]]>
              </value>
            </param>
          </params>
          <reporter-output>
          </reporter-output>
        </test-method> <!-- testSet_validIndex -->
        <test-method status="PASS" signature="testSize()[pri:0, instance:Test_5@6d78f375]" name="testSize" duration-ms="0" started-at="2016-07-19T21:02:09Z" finished-at="2016-07-19T21:02:09Z">
          <reporter-output>
          </reporter-output>
        </test-method> <!-- testSize -->
        <test-method status="PASS" signature="initialize(java.lang.String)[pri:0, instance:Test_5@6d78f375]" name="initialize" is-config="true" duration-ms="0" started-at="2016-07-19T21:02:09Z" finished-at="2016-07-19T21:02:09Z">
          <params>
            <param index="0">
              <value>
                <![CDATA[goodList]]>
              </value>
            </param>
          </params>
          <reporter-output>
          </reporter-output>
        </test-method> <!-- initialize -->
      </class> <!-- Test_5 -->
      <class name="Test_6">
        <test-method status="PASS" signature="initialize(java.lang.String)[pri:0, instance:Test_6@50c87b21]" name="initialize" is-config="true" duration-ms="0" started-at="2016-07-19T21:02:09Z" finished-at="2016-07-19T21:02:09Z">
          <params>
            <param index="0">
              <value>
                <![CDATA[goodList]]>
              </value>
            </param>
          </params>
          <reporter-output>
          </reporter-output>
        </test-method> <!-- initialize -->
        <test-method status="PASS" signature="testAdd()[pri:0, instance:Test_6@50c87b21]" name="testAdd" duration-ms="0" started-at="2016-07-19T21:02:09Z" finished-at="2016-07-19T21:02:09Z">
          <reporter-output>
          </reporter-output>
        </test-method> <!-- testAdd -->
        <test-method status="PASS" signature="initialize(java.lang.String)[pri:0, instance:Test_6@50c87b21]" name="initialize" is-config="true" duration-ms="0" started-at="2016-07-19T21:02:09Z" finished-at="2016-07-19T21:02:09Z">
          <params>
            <param index="0">
              <value>
                <![CDATA[goodList]]>
              </value>
            </param>
          </params>
          <reporter-output>
          </reporter-output>
        </test-method> <!-- initialize -->
        <test-method status="PASS" signature="testAddAfter_invalidElement()[pri:0, instance:Test_6@50c87b21]" name="testAddAfter_invalidElement" duration-ms="0" started-at="2016-07-19T21:02:09Z" finished-at="2016-07-19T21:02:09Z">
          <exception class="java.util.NoSuchElementException">
            <message>
              <![CDATA[GoodList]]>
            </message>
            <full-stacktrace>
              <![CDATA[java.util.NoSuchElementException: GoodList
	at GoodList.addAfter(GoodList.java:100)
	at TestCase.addAfter(TestCase.java:259)
	at Test_6.testAddAfter_invalidElement(Test_6.java:177)
	at sun.reflect.NativeMethodAccessorImpl.invoke0(Native Method)
	at sun.reflect.NativeMethodAccessorImpl.invoke(Unknown Source)
	at sun.reflect.DelegatingMethodAccessorImpl.invoke(Unknown Source)
	at java.lang.reflect.Method.invoke(Unknown Source)
	at org.testng.internal.MethodInvocationHelper.invokeMethod(MethodInvocationHelper.java:86)
	at org.testng.internal.Invoker.invokeMethod(Invoker.java:646)
	at org.testng.internal.Invoker.invokeTestMethod(Invoker.java:823)
	at org.testng.internal.Invoker.invokeTestMethods(Invoker.java:1131)
	at org.testng.internal.TestMethodWorker.invokeTestMethods(TestMethodWorker.java:129)
	at org.testng.internal.TestMethodWorker.run(TestMethodWorker.java:112)
	at org.testng.TestRunner.privateRun(TestRunner.java:778)
	at org.testng.TestRunner.run(TestRunner.java:632)
	at org.testng.SuiteRunner.runTest(SuiteRunner.java:366)
	at org.testng.SuiteRunner.runSequentially(SuiteRunner.java:361)
	at org.testng.SuiteRunner.privateRun(SuiteRunner.java:319)
	at org.testng.SuiteRunner.run(SuiteRunner.java:268)
	at org.testng.SuiteRunnerWorker.runSuite(SuiteRunnerWorker.java:52)
	at org.testng.SuiteRunnerWorker.run(SuiteRunnerWorker.java:86)
	at org.testng.TestNG.runSuitesSequentially(TestNG.java:1225)
	at org.testng.TestNG.runSuitesLocally(TestNG.java:1150)
	at org.testng.TestNG.runSuites(TestNG.java:1075)
	at org.testng.TestNG.run(TestNG.java:1047)
	at org.testng.remote.AbstractRemoteTestNG.run(AbstractRemoteTestNG.java:126)
	at org.testng.remote.RemoteTestNG.initAndRun(RemoteTestNG.java:137)
	at org.testng.remote.RemoteTestNG.main(RemoteTestNG.java:58)
]]>
            </full-stacktrace>
          </exception> <!-- java.util.NoSuchElementException -->
          <reporter-output>
          </reporter-output>
        </test-method> <!-- testAddAfter_invalidElement -->
        <test-method status="PASS" signature="initialize(java.lang.String)[pri:0, instance:Test_6@50c87b21]" name="initialize" is-config="true" duration-ms="0" started-at="2016-07-19T21:02:09Z" finished-at="2016-07-19T21:02:09Z">
          <params>
            <param index="0">
              <value>
                <![CDATA[goodList]]>
              </value>
            </param>
          </params>
          <reporter-output>
          </reporter-output>
        </test-method> <!-- initialize -->
        <test-method status="PASS" signature="testAddToFront()[pri:0, instance:Test_6@50c87b21]" name="testAddToFront" duration-ms="0" started-at="2016-07-19T21:02:09Z" finished-at="2016-07-19T21:02:09Z">
          <reporter-output>
          </reporter-output>
        </test-method> <!-- testAddToFront -->
        <test-method status="PASS" signature="testAddToRear()[pri:0, instance:Test_6@50c87b21]" name="testAddToRear" duration-ms="0" started-at="2016-07-19T21:02:09Z" finished-at="2016-07-19T21:02:09Z">
          <reporter-output>
          </reporter-output>
        </test-method> <!-- testAddToRear -->
        <test-method status="PASS" signature="initialize(java.lang.String)[pri:0, instance:Test_6@50c87b21]" name="initialize" is-config="true" duration-ms="0" started-at="2016-07-19T21:02:09Z" finished-at="2016-07-19T21:02:09Z">
          <params>
            <param index="0">
              <value>
                <![CDATA[goodList]]>
              </value>
            </param>
          </params>
          <reporter-output>
          </reporter-output>
        </test-method> <!-- initialize -->
        <test-method status="PASS" signature="testAdd_invalidIndex(int)[pri:0, instance:Test_6@50c87b21]" name="testAdd_invalidIndex" duration-ms="1" started-at="2016-07-19T21:02:09Z" data-provider="invalidAddIndexes" finished-at="2016-07-19T21:02:09Z">
          <params>
            <param index="0">
              <value>
                <![CDATA[-1]]>
              </value>
            </param>
          </params>
          <exception class="java.lang.IndexOutOfBoundsException">
            <message>
              <![CDATA[Index: -1, Size: 0]]>
            </message>
            <full-stacktrace>
              <![CDATA[java.lang.IndexOutOfBoundsException: Index: -1, Size: 0
	at java.util.LinkedList.checkPositionIndex(Unknown Source)
	at java.util.LinkedList.add(Unknown Source)
	at GoodList.add(GoodList.java:118)
	at TestCase.add(TestCase.java:170)
	at Test_6.testAdd_invalidIndex(Test_6.java:197)
	at sun.reflect.NativeMethodAccessorImpl.invoke0(Native Method)
	at sun.reflect.NativeMethodAccessorImpl.invoke(Unknown Source)
	at sun.reflect.DelegatingMethodAccessorImpl.invoke(Unknown Source)
	at java.lang.reflect.Method.invoke(Unknown Source)
	at org.testng.internal.MethodInvocationHelper.invokeMethod(MethodInvocationHelper.java:86)
	at org.testng.internal.Invoker.invokeMethod(Invoker.java:646)
	at org.testng.internal.Invoker.invokeTestMethod(Invoker.java:823)
	at org.testng.internal.Invoker.invokeTestMethods(Invoker.java:1131)
	at org.testng.internal.TestMethodWorker.invokeTestMethods(TestMethodWorker.java:129)
	at org.testng.internal.TestMethodWorker.run(TestMethodWorker.java:112)
	at org.testng.TestRunner.privateRun(TestRunner.java:778)
	at org.testng.TestRunner.run(TestRunner.java:632)
	at org.testng.SuiteRunner.runTest(SuiteRunner.java:366)
	at org.testng.SuiteRunner.runSequentially(SuiteRunner.java:361)
	at org.testng.SuiteRunner.privateRun(SuiteRunner.java:319)
	at org.testng.SuiteRunner.run(SuiteRunner.java:268)
	at org.testng.SuiteRunnerWorker.runSuite(SuiteRunnerWorker.java:52)
	at org.testng.SuiteRunnerWorker.run(SuiteRunnerWorker.java:86)
	at org.testng.TestNG.runSuitesSequentially(TestNG.java:1225)
	at org.testng.TestNG.runSuitesLocally(TestNG.java:1150)
	at org.testng.TestNG.runSuites(TestNG.java:1075)
	at org.testng.TestNG.run(TestNG.java:1047)
	at org.testng.remote.AbstractRemoteTestNG.run(AbstractRemoteTestNG.java:126)
	at org.testng.remote.RemoteTestNG.initAndRun(RemoteTestNG.java:137)
	at org.testng.remote.RemoteTestNG.main(RemoteTestNG.java:58)
]]>
            </full-stacktrace>
          </exception> <!-- java.lang.IndexOutOfBoundsException -->
          <reporter-output>
          </reporter-output>
        </test-method> <!-- testAdd_invalidIndex -->
        <test-method status="PASS" signature="initialize(java.lang.String)[pri:0, instance:Test_6@50c87b21]" name="initialize" is-config="true" duration-ms="0" started-at="2016-07-19T21:02:09Z" finished-at="2016-07-19T21:02:09Z">
          <params>
            <param index="0">
              <value>
                <![CDATA[goodList]]>
              </value>
            </param>
          </params>
          <reporter-output>
          </reporter-output>
        </test-method> <!-- initialize -->
        <test-method status="PASS" signature="initialize(java.lang.String)[pri:0, instance:Test_6@50c87b21]" name="initialize" is-config="true" duration-ms="1" started-at="2016-07-19T21:02:09Z" finished-at="2016-07-19T21:02:09Z">
          <params>
            <param index="0">
              <value>
                <![CDATA[goodList]]>
              </value>
            </param>
          </params>
          <reporter-output>
          </reporter-output>
        </test-method> <!-- initialize -->
        <test-method status="PASS" signature="testAdd_invalidIndex(int)[pri:0, instance:Test_6@50c87b21]" name="testAdd_invalidIndex" duration-ms="0" started-at="2016-07-19T21:02:09Z" data-provider="invalidAddIndexes" finished-at="2016-07-19T21:02:09Z">
          <params>
            <param index="0">
              <value>
                <![CDATA[1]]>
              </value>
            </param>
          </params>
          <exception class="java.lang.IndexOutOfBoundsException">
            <message>
              <![CDATA[Index: 1, Size: 0]]>
            </message>
            <full-stacktrace>
              <![CDATA[java.lang.IndexOutOfBoundsException: Index: 1, Size: 0
	at java.util.LinkedList.checkPositionIndex(Unknown Source)
	at java.util.LinkedList.add(Unknown Source)
	at GoodList.add(GoodList.java:118)
	at TestCase.add(TestCase.java:170)
	at Test_6.testAdd_invalidIndex(Test_6.java:197)
	at sun.reflect.NativeMethodAccessorImpl.invoke0(Native Method)
	at sun.reflect.NativeMethodAccessorImpl.invoke(Unknown Source)
	at sun.reflect.DelegatingMethodAccessorImpl.invoke(Unknown Source)
	at java.lang.reflect.Method.invoke(Unknown Source)
	at org.testng.internal.MethodInvocationHelper.invokeMethod(MethodInvocationHelper.java:86)
	at org.testng.internal.Invoker.invokeMethod(Invoker.java:646)
	at org.testng.internal.Invoker.invokeTestMethod(Invoker.java:823)
	at org.testng.internal.Invoker.invokeTestMethods(Invoker.java:1131)
	at org.testng.internal.TestMethodWorker.invokeTestMethods(TestMethodWorker.java:129)
	at org.testng.internal.TestMethodWorker.run(TestMethodWorker.java:112)
	at org.testng.TestRunner.privateRun(TestRunner.java:778)
	at org.testng.TestRunner.run(TestRunner.java:632)
	at org.testng.SuiteRunner.runTest(SuiteRunner.java:366)
	at org.testng.SuiteRunner.runSequentially(SuiteRunner.java:361)
	at org.testng.SuiteRunner.privateRun(SuiteRunner.java:319)
	at org.testng.SuiteRunner.run(SuiteRunner.java:268)
	at org.testng.SuiteRunnerWorker.runSuite(SuiteRunnerWorker.java:52)
	at org.testng.SuiteRunnerWorker.run(SuiteRunnerWorker.java:86)
	at org.testng.TestNG.runSuitesSequentially(TestNG.java:1225)
	at org.testng.TestNG.runSuitesLocally(TestNG.java:1150)
	at org.testng.TestNG.runSuites(TestNG.java:1075)
	at org.testng.TestNG.run(TestNG.java:1047)
	at org.testng.remote.AbstractRemoteTestNG.run(AbstractRemoteTestNG.java:126)
	at org.testng.remote.RemoteTestNG.initAndRun(RemoteTestNG.java:137)
	at org.testng.remote.RemoteTestNG.main(RemoteTestNG.java:58)
]]>
            </full-stacktrace>
          </exception> <!-- java.lang.IndexOutOfBoundsException -->
          <reporter-output>
          </reporter-output>
        </test-method> <!-- testAdd_invalidIndex -->
        <test-method status="PASS" signature="initialize(java.lang.String)[pri:0, instance:Test_6@50c87b21]" name="initialize" is-config="true" duration-ms="0" started-at="2016-07-19T21:02:09Z" finished-at="2016-07-19T21:02:09Z">
          <params>
            <param index="0">
              <value>
                <![CDATA[goodList]]>
              </value>
            </param>
          </params>
          <reporter-output>
          </reporter-output>
        </test-method> <!-- initialize -->
        <test-method status="PASS" signature="testAdd_validIndex()[pri:0, instance:Test_6@50c87b21]" name="testAdd_validIndex" duration-ms="0" started-at="2016-07-19T21:02:09Z" finished-at="2016-07-19T21:02:09Z">
          <reporter-output>
          </reporter-output>
        </test-method> <!-- testAdd_validIndex -->
        <test-method status="PASS" signature="testContains_invalidElement()[pri:0, instance:Test_6@50c87b21]" name="testContains_invalidElement" duration-ms="0" started-at="2016-07-19T21:02:09Z" finished-at="2016-07-19T21:02:09Z">
          <reporter-output>
          </reporter-output>
        </test-method> <!-- testContains_invalidElement -->
        <test-method status="PASS" signature="initialize(java.lang.String)[pri:0, instance:Test_6@50c87b21]" name="initialize" is-config="true" duration-ms="0" started-at="2016-07-19T21:02:09Z" finished-at="2016-07-19T21:02:09Z">
          <params>
            <param index="0">
              <value>
                <![CDATA[goodList]]>
              </value>
            </param>
          </params>
          <reporter-output>
          </reporter-output>
        </test-method> <!-- initialize -->
        <test-method status="PASS" signature="initialize(java.lang.String)[pri:0, instance:Test_6@50c87b21]" name="initialize" is-config="true" duration-ms="0" started-at="2016-07-19T21:02:09Z" finished-at="2016-07-19T21:02:09Z">
          <params>
            <param index="0">
              <value>
                <![CDATA[goodList]]>
              </value>
            </param>
          </params>
          <reporter-output>
          </reporter-output>
        </test-method> <!-- initialize -->
        <test-method status="PASS" signature="testFirst()[pri:0, instance:Test_6@50c87b21]" name="testFirst" duration-ms="0" started-at="2016-07-19T21:02:09Z" finished-at="2016-07-19T21:02:09Z">
          <exception class="java.lang.IllegalStateException">
            <message>
              <![CDATA[GoodList]]>
            </message>
            <full-stacktrace>
              <![CDATA[java.lang.IllegalStateException: GoodList
	at GoodList.first(GoodList.java:54)
	at TestCase.first(TestCase.java:103)
	at Test_6.testFirst(Test_6.java:96)
	at sun.reflect.NativeMethodAccessorImpl.invoke0(Native Method)
	at sun.reflect.NativeMethodAccessorImpl.invoke(Unknown Source)
	at sun.reflect.DelegatingMethodAccessorImpl.invoke(Unknown Source)
	at java.lang.reflect.Method.invoke(Unknown Source)
	at org.testng.internal.MethodInvocationHelper.invokeMethod(MethodInvocationHelper.java:86)
	at org.testng.internal.Invoker.invokeMethod(Invoker.java:646)
	at org.testng.internal.Invoker.invokeTestMethod(Invoker.java:823)
	at org.testng.internal.Invoker.invokeTestMethods(Invoker.java:1131)
	at org.testng.internal.TestMethodWorker.invokeTestMethods(TestMethodWorker.java:129)
	at org.testng.internal.TestMethodWorker.run(TestMethodWorker.java:112)
	at org.testng.TestRunner.privateRun(TestRunner.java:778)
	at org.testng.TestRunner.run(TestRunner.java:632)
	at org.testng.SuiteRunner.runTest(SuiteRunner.java:366)
	at org.testng.SuiteRunner.runSequentially(SuiteRunner.java:361)
	at org.testng.SuiteRunner.privateRun(SuiteRunner.java:319)
	at org.testng.SuiteRunner.run(SuiteRunner.java:268)
	at org.testng.SuiteRunnerWorker.runSuite(SuiteRunnerWorker.java:52)
	at org.testng.SuiteRunnerWorker.run(SuiteRunnerWorker.java:86)
	at org.testng.TestNG.runSuitesSequentially(TestNG.java:1225)
	at org.testng.TestNG.runSuitesLocally(TestNG.java:1150)
	at org.testng.TestNG.runSuites(TestNG.java:1075)
	at org.testng.TestNG.run(TestNG.java:1047)
	at org.testng.remote.AbstractRemoteTestNG.run(AbstractRemoteTestNG.java:126)
	at org.testng.remote.RemoteTestNG.initAndRun(RemoteTestNG.java:137)
	at org.testng.remote.RemoteTestNG.main(RemoteTestNG.java:58)
]]>
            </full-stacktrace>
          </exception> <!-- java.lang.IllegalStateException -->
          <reporter-output>
          </reporter-output>
        </test-method> <!-- testFirst -->
        <test-method status="PASS" signature="testGet()[pri:0, instance:Test_6@50c87b21]" name="testGet" duration-ms="0" started-at="2016-07-19T21:02:09Z" finished-at="2016-07-19T21:02:09Z">
          <exception class="java.lang.IndexOutOfBoundsException">
            <message>
              <![CDATA[Index: 0, Size: 0]]>
            </message>
            <full-stacktrace>
              <![CDATA[java.lang.IndexOutOfBoundsException: Index: 0, Size: 0
	at java.util.LinkedList.checkElementIndex(Unknown Source)
	at java.util.LinkedList.get(Unknown Source)
	at GoodList.get(GoodList.java:133)
	at TestCase.get(TestCase.java:214)
	at Test_6.testGet(Test_6.java:239)
	at sun.reflect.NativeMethodAccessorImpl.invoke0(Native Method)
	at sun.reflect.NativeMethodAccessorImpl.invoke(Unknown Source)
	at sun.reflect.DelegatingMethodAccessorImpl.invoke(Unknown Source)
	at java.lang.reflect.Method.invoke(Unknown Source)
	at org.testng.internal.MethodInvocationHelper.invokeMethod(MethodInvocationHelper.java:86)
	at org.testng.internal.Invoker.invokeMethod(Invoker.java:646)
	at org.testng.internal.Invoker.invokeTestMethod(Invoker.java:823)
	at org.testng.internal.Invoker.invokeTestMethods(Invoker.java:1131)
	at org.testng.internal.TestMethodWorker.invokeTestMethods(TestMethodWorker.java:129)
	at org.testng.internal.TestMethodWorker.run(TestMethodWorker.java:112)
	at org.testng.TestRunner.privateRun(TestRunner.java:778)
	at org.testng.TestRunner.run(TestRunner.java:632)
	at org.testng.SuiteRunner.runTest(SuiteRunner.java:366)
	at org.testng.SuiteRunner.runSequentially(SuiteRunner.java:361)
	at org.testng.SuiteRunner.privateRun(SuiteRunner.java:319)
	at org.testng.SuiteRunner.run(SuiteRunner.java:268)
	at org.testng.SuiteRunnerWorker.runSuite(SuiteRunnerWorker.java:52)
	at org.testng.SuiteRunnerWorker.run(SuiteRunnerWorker.java:86)
	at org.testng.TestNG.runSuitesSequentially(TestNG.java:1225)
	at org.testng.TestNG.runSuitesLocally(TestNG.java:1150)
	at org.testng.TestNG.runSuites(TestNG.java:1075)
	at org.testng.TestNG.run(TestNG.java:1047)
	at org.testng.remote.AbstractRemoteTestNG.run(AbstractRemoteTestNG.java:126)
	at org.testng.remote.RemoteTestNG.initAndRun(RemoteTestNG.java:137)
	at org.testng.remote.RemoteTestNG.main(RemoteTestNG.java:58)
]]>
            </full-stacktrace>
          </exception> <!-- java.lang.IndexOutOfBoundsException -->
          <reporter-output>
          </reporter-output>
        </test-method> <!-- testGet -->
        <test-method status="PASS" signature="initialize(java.lang.String)[pri:0, instance:Test_6@50c87b21]" name="initialize" is-config="true" duration-ms="0" started-at="2016-07-19T21:02:09Z" finished-at="2016-07-19T21:02:09Z">
          <params>
            <param index="0">
              <value>
                <![CDATA[goodList]]>
              </value>
            </param>
          </params>
          <reporter-output>
          </reporter-output>
        </test-method> <!-- initialize -->
        <test-method status="PASS" signature="initialize(java.lang.String)[pri:0, instance:Test_6@50c87b21]" name="initialize" is-config="true" duration-ms="0" started-at="2016-07-19T21:02:09Z" finished-at="2016-07-19T21:02:09Z">
          <params>
            <param index="0">
              <value>
                <![CDATA[goodList]]>
              </value>
            </param>
          </params>
          <reporter-output>
          </reporter-output>
        </test-method> <!-- initialize -->
        <test-method status="PASS" signature="testIndexOf_invalidElement()[pri:0, instance:Test_6@50c87b21]" name="testIndexOf_invalidElement" duration-ms="1" started-at="2016-07-19T21:02:09Z" finished-at="2016-07-19T21:02:09Z">
          <reporter-output>
          </reporter-output>
        </test-method> <!-- testIndexOf_invalidElement -->
        <test-method status="PASS" signature="initialize(java.lang.String)[pri:0, instance:Test_6@50c87b21]" name="initialize" is-config="true" duration-ms="0" started-at="2016-07-19T21:02:09Z" finished-at="2016-07-19T21:02:09Z">
          <params>
            <param index="0">
              <value>
                <![CDATA[goodList]]>
              </value>
            </param>
          </params>
          <reporter-output>
          </reporter-output>
        </test-method> <!-- initialize -->
        <test-method status="PASS" signature="testIsEmpty()[pri:0, instance:Test_6@50c87b21]" name="testIsEmpty" duration-ms="0" started-at="2016-07-19T21:02:09Z" finished-at="2016-07-19T21:02:09Z">
          <reporter-output>
          </reporter-output>
        </test-method> <!-- testIsEmpty -->
        <test-method status="FAIL" signature="testIterator()[pri:0, instance:Test_6@50c87b21]" name="testIterator" duration-ms="1" started-at="2016-07-19T21:02:09Z" finished-at="2016-07-19T21:02:09Z">
          <exception class="java.lang.UnsupportedOperationException">
            <full-stacktrace>
              <![CDATA[java.lang.UnsupportedOperationException
	at Test_6.testIterator(Test_6.java:147)
	at sun.reflect.NativeMethodAccessorImpl.invoke0(Native Method)
	at sun.reflect.NativeMethodAccessorImpl.invoke(Unknown Source)
	at sun.reflect.DelegatingMethodAccessorImpl.invoke(Unknown Source)
	at java.lang.reflect.Method.invoke(Unknown Source)
	at org.testng.internal.MethodInvocationHelper.invokeMethod(MethodInvocationHelper.java:86)
	at org.testng.internal.Invoker.invokeMethod(Invoker.java:646)
	at org.testng.internal.Invoker.invokeTestMethod(Invoker.java:823)
	at org.testng.internal.Invoker.invokeTestMethods(Invoker.java:1131)
	at org.testng.internal.TestMethodWorker.invokeTestMethods(TestMethodWorker.java:129)
	at org.testng.internal.TestMethodWorker.run(TestMethodWorker.java:112)
	at org.testng.TestRunner.privateRun(TestRunner.java:778)
	at org.testng.TestRunner.run(TestRunner.java:632)
	at org.testng.SuiteRunner.runTest(SuiteRunner.java:366)
	at org.testng.SuiteRunner.runSequentially(SuiteRunner.java:361)
	at org.testng.SuiteRunner.privateRun(SuiteRunner.java:319)
	at org.testng.SuiteRunner.run(SuiteRunner.java:268)
	at org.testng.SuiteRunnerWorker.runSuite(SuiteRunnerWorker.java:52)
	at org.testng.SuiteRunnerWorker.run(SuiteRunnerWorker.java:86)
	at org.testng.TestNG.runSuitesSequentially(TestNG.java:1225)
	at org.testng.TestNG.runSuitesLocally(TestNG.java:1150)
	at org.testng.TestNG.runSuites(TestNG.java:1075)
	at org.testng.TestNG.run(TestNG.java:1047)
	at org.testng.remote.AbstractRemoteTestNG.run(AbstractRemoteTestNG.java:126)
	at org.testng.remote.RemoteTestNG.initAndRun(RemoteTestNG.java:137)
	at org.testng.remote.RemoteTestNG.main(RemoteTestNG.java:58)
]]>
            </full-stacktrace>
          </exception> <!-- java.lang.UnsupportedOperationException -->
          <reporter-output>
          </reporter-output>
        </test-method> <!-- testIterator -->
        <test-method status="PASS" signature="initialize(java.lang.String)[pri:0, instance:Test_6@50c87b21]" name="initialize" is-config="true" duration-ms="0" started-at="2016-07-19T21:02:09Z" finished-at="2016-07-19T21:02:09Z">
          <params>
            <param index="0">
              <value>
                <![CDATA[goodList]]>
              </value>
            </param>
          </params>
          <reporter-output>
          </reporter-output>
        </test-method> <!-- initialize -->
        <test-method status="PASS" signature="initialize(java.lang.String)[pri:0, instance:Test_6@50c87b21]" name="initialize" is-config="true" duration-ms="1" started-at="2016-07-19T21:02:09Z" finished-at="2016-07-19T21:02:09Z">
          <params>
            <param index="0">
              <value>
                <![CDATA[goodList]]>
              </value>
            </param>
          </params>
          <reporter-output>
          </reporter-output>
        </test-method> <!-- initialize -->
        <test-method status="PASS" signature="testLast()[pri:0, instance:Test_6@50c87b21]" name="testLast" duration-ms="0" started-at="2016-07-19T21:02:09Z" finished-at="2016-07-19T21:02:09Z">
          <exception class="java.lang.IllegalStateException">
            <message>
              <![CDATA[GoodList]]>
            </message>
            <full-stacktrace>
              <![CDATA[java.lang.IllegalStateException: GoodList
	at GoodList.last(GoodList.java:62)
	at TestCase.last(TestCase.java:114)
	at Test_6.testLast(Test_6.java:106)
	at sun.reflect.NativeMethodAccessorImpl.invoke0(Native Method)
	at sun.reflect.NativeMethodAccessorImpl.invoke(Unknown Source)
	at sun.reflect.DelegatingMethodAccessorImpl.invoke(Unknown Source)
	at java.lang.reflect.Method.invoke(Unknown Source)
	at org.testng.internal.MethodInvocationHelper.invokeMethod(MethodInvocationHelper.java:86)
	at org.testng.internal.Invoker.invokeMethod(Invoker.java:646)
	at org.testng.internal.Invoker.invokeTestMethod(Invoker.java:823)
	at org.testng.internal.Invoker.invokeTestMethods(Invoker.java:1131)
	at org.testng.internal.TestMethodWorker.invokeTestMethods(TestMethodWorker.java:129)
	at org.testng.internal.TestMethodWorker.run(TestMethodWorker.java:112)
	at org.testng.TestRunner.privateRun(TestRunner.java:778)
	at org.testng.TestRunner.run(TestRunner.java:632)
	at org.testng.SuiteRunner.runTest(SuiteRunner.java:366)
	at org.testng.SuiteRunner.runSequentially(SuiteRunner.java:361)
	at org.testng.SuiteRunner.privateRun(SuiteRunner.java:319)
	at org.testng.SuiteRunner.run(SuiteRunner.java:268)
	at org.testng.SuiteRunnerWorker.runSuite(SuiteRunnerWorker.java:52)
	at org.testng.SuiteRunnerWorker.run(SuiteRunnerWorker.java:86)
	at org.testng.TestNG.runSuitesSequentially(TestNG.java:1225)
	at org.testng.TestNG.runSuitesLocally(TestNG.java:1150)
	at org.testng.TestNG.runSuites(TestNG.java:1075)
	at org.testng.TestNG.run(TestNG.java:1047)
	at org.testng.remote.AbstractRemoteTestNG.run(AbstractRemoteTestNG.java:126)
	at org.testng.remote.RemoteTestNG.initAndRun(RemoteTestNG.java:137)
	at org.testng.remote.RemoteTestNG.main(RemoteTestNG.java:58)
]]>
            </full-stacktrace>
          </exception> <!-- java.lang.IllegalStateException -->
          <reporter-output>
          </reporter-output>
        </test-method> <!-- testLast -->
[...]
          <params>
            <param index="0">
              <value>
                <![CDATA[badList]]>
              </value>
            </param>
          </params>
          <reporter-output>
          </reporter-output>
        </test-method> <!-- initialize -->
        <test-method status="FAIL" signature="testRemove_invalidIndex(int)[pri:0, instance:Test_4@2a2d45ba]" name="testRemove_invalidIndex" duration-ms="0" started-at="2016-07-19T21:02:09Z" data-provider="invalidIndexes" finished-at="2016-07-19T21:02:09Z">
          <params>
            <param index="0">
              <value>
                <![CDATA[1]]>
              </value>
            </param>
          </params>
          <exception class="java.lang.AssertionError">
            <message>
              <![CDATA[expected [5] but found [null]]]>
            </message>
            <full-stacktrace>
              <![CDATA[java.lang.AssertionError: expected [5] but found [null]
	at org.testng.Assert.fail(Assert.java:94)
	at org.testng.Assert.failNotEquals(Assert.java:513)
	at org.testng.Assert.assertEqualsImpl(Assert.java:130)
	at org.testng.Assert.assertEquals(Assert.java:116)
	at org.testng.Assert.assertEquals(Assert.java:179)
	at TestCase.remove(TestCase.java:182)
	at Test_4.testRemove_invalidIndex(Test_4.java:253)
	at sun.reflect.NativeMethodAccessorImpl.invoke0(Native Method)
	at sun.reflect.NativeMethodAccessorImpl.invoke(Unknown Source)
	at sun.reflect.DelegatingMethodAccessorImpl.invoke(Unknown Source)
	at java.lang.reflect.Method.invoke(Unknown Source)
	at org.testng.internal.MethodInvocationHelper.invokeMethod(MethodInvocationHelper.java:86)
	at org.testng.internal.Invoker.invokeMethod(Invoker.java:646)
	at org.testng.internal.Invoker.invokeTestMethod(Invoker.java:823)
	at org.testng.internal.Invoker.invokeTestMethods(Invoker.java:1131)
	at org.testng.internal.TestMethodWorker.invokeTestMethods(TestMethodWorker.java:129)
	at org.testng.internal.TestMethodWorker.run(TestMethodWorker.java:112)
	at org.testng.TestRunner.privateRun(TestRunner.java:778)
	at org.testng.TestRunner.run(TestRunner.java:632)
	at org.testng.SuiteRunner.runTest(SuiteRunner.java:366)
	at org.testng.SuiteRunner.runSequentially(SuiteRunner.java:361)
	at org.testng.SuiteRunner.privateRun(SuiteRunner.java:319)
	at org.testng.SuiteRunner.run(SuiteRunner.java:268)
	at org.testng.SuiteRunnerWorker.runSuite(SuiteRunnerWorker.java:52)
	at org.testng.SuiteRunnerWorker.run(SuiteRunnerWorker.java:86)
	at org.testng.TestNG.runSuitesSequentially(TestNG.java:1225)
	at org.testng.TestNG.runSuitesLocally(TestNG.java:1150)
	at org.testng.TestNG.runSuites(TestNG.java:1075)
	at org.testng.TestNG.run(TestNG.java:1047)
	at org.testng.remote.AbstractRemoteTestNG.run(AbstractRemoteTestNG.java:126)
	at org.testng.remote.RemoteTestNG.initAndRun(RemoteTestNG.java:137)
	at org.testng.remote.RemoteTestNG.main(RemoteTestNG.java:58)
]]>
            </full-stacktrace>
          </exception> <!-- java.lang.AssertionError -->
          <reporter-output>
          </reporter-output>
        </test-method> <!-- testRemove_invalidIndex -->
        <test-method status="FAIL" signature="testRemove_validElement(java.lang.Integer)[pri:0, instance:Test_4@2a2d45ba]" name="testRemove_validElement" duration-ms="1" started-at="2016-07-19T21:02:09Z" data-provider="validElements" finished-at="2016-07-19T21:02:09Z">
          <params>
            <param index="0">
              <value>
                <![CDATA[1]]>
              </value>
            </param>
          </params>
          <exception class="java.lang.AssertionError">
            <message>
              <![CDATA[expected [1] but found [null]]]>
            </message>
            <full-stacktrace>
              <![CDATA[java.lang.AssertionError: expected [1] but found [null]
	at org.testng.Assert.fail(Assert.java:94)
	at org.testng.Assert.failNotEquals(Assert.java:513)
	at org.testng.Assert.assertEqualsImpl(Assert.java:130)
	at org.testng.Assert.assertEquals(Assert.java:116)
	at org.testng.Assert.assertEquals(Assert.java:179)
	at TestCase.remove(TestCase.java:93)
	at Test_4.testRemove_validElement(Test_4.java:92)
	at sun.reflect.NativeMethodAccessorImpl.invoke0(Native Method)
	at sun.reflect.NativeMethodAccessorImpl.invoke(Unknown Source)
	at sun.reflect.DelegatingMethodAccessorImpl.invoke(Unknown Source)
	at java.lang.reflect.Method.invoke(Unknown Source)
	at org.testng.internal.MethodInvocationHelper.invokeMethod(MethodInvocationHelper.java:86)
	at org.testng.internal.Invoker.invokeMethod(Invoker.java:646)
	at org.testng.internal.Invoker.invokeTestMethod(Invoker.java:823)
	at org.testng.internal.Invoker.invokeTestMethods(Invoker.java:1131)
	at org.testng.internal.TestMethodWorker.invokeTestMethods(TestMethodWorker.java:129)
	at org.testng.internal.TestMethodWorker.run(TestMethodWorker.java:112)
	at org.testng.TestRunner.privateRun(TestRunner.java:778)
	at org.testng.TestRunner.run(TestRunner.java:632)
	at org.testng.SuiteRunner.runTest(SuiteRunner.java:366)
	at org.testng.SuiteRunner.runSequentially(SuiteRunner.java:361)
	at org.testng.SuiteRunner.privateRun(SuiteRunner.java:319)
	at org.testng.SuiteRunner.run(SuiteRunner.java:268)
	at org.testng.SuiteRunnerWorker.runSuite(SuiteRunnerWorker.java:52)
	at org.testng.SuiteRunnerWorker.run(SuiteRunnerWorker.java:86)
	at org.testng.TestNG.runSuitesSequentially(TestNG.java:1225)
	at org.testng.TestNG.runSuitesLocally(TestNG.java:1150)
	at org.testng.TestNG.runSuites(TestNG.java:1075)
	at org.testng.TestNG.run(TestNG.java:1047)
	at org.testng.remote.AbstractRemoteTestNG.run(AbstractRemoteTestNG.java:126)
	at org.testng.remote.RemoteTestNG.initAndRun(RemoteTestNG.java:137)
	at org.testng.remote.RemoteTestNG.main(RemoteTestNG.java:58)
]]>
            </full-stacktrace>
          </exception> <!-- java.lang.AssertionError -->
          <reporter-output>
          </reporter-output>
        </test-method> <!-- testRemove_validElement -->
        <test-method status="FAIL" signature="testRemove_validIndex(int, java.lang.Integer)[pri:0, instance:Test_4@2a2d45ba]" name="testRemove_validIndex" duration-ms="1" started-at="2016-07-19T21:02:09Z" data-provider="indexedValidElements" finished-at="2016-07-19T21:02:09Z">
          <params>
            <param index="0">
              <value>
                <![CDATA[0]]>
              </value>
            </param>
            <param index="1">
              <value>
                <![CDATA[1]]>
              </value>
            </param>
          </params>
          <exception class="java.lang.AssertionError">
            <message>
              <![CDATA[expected [1] but found [null]]]>
            </message>
            <full-stacktrace>
              <![CDATA[java.lang.AssertionError: expected [1] but found [null]
	at org.testng.Assert.fail(Assert.java:94)
	at org.testng.Assert.failNotEquals(Assert.java:513)
	at org.testng.Assert.assertEqualsImpl(Assert.java:130)
	at org.testng.Assert.assertEquals(Assert.java:116)
	at org.testng.Assert.assertEquals(Assert.java:179)
	at TestCase.remove(TestCase.java:182)
	at Test_4.testRemove_validIndex(Test_4.java:243)
	at sun.reflect.NativeMethodAccessorImpl.invoke0(Native Method)
	at sun.reflect.NativeMethodAccessorImpl.invoke(Unknown Source)
	at sun.reflect.DelegatingMethodAccessorImpl.invoke(Unknown Source)
	at java.lang.reflect.Method.invoke(Unknown Source)
	at org.testng.internal.MethodInvocationHelper.invokeMethod(MethodInvocationHelper.java:86)
	at org.testng.internal.Invoker.invokeMethod(Invoker.java:646)
	at org.testng.internal.Invoker.invokeTestMethod(Invoker.java:823)
	at org.testng.internal.Invoker.invokeTestMethods(Invoker.java:1131)
	at org.testng.internal.TestMethodWorker.invokeTestMethods(TestMethodWorker.java:129)
	at org.testng.internal.TestMethodWorker.run(TestMethodWorker.java:112)
	at org.testng.TestRunner.privateRun(TestRunner.java:778)
	at org.testng.TestRunner.run(TestRunner.java:632)
	at org.testng.SuiteRunner.runTest(SuiteRunner.java:366)
	at org.testng.SuiteRunner.runSequentially(SuiteRunner.java:361)
	at org.testng.SuiteRunner.privateRun(SuiteRunner.java:319)
	at org.testng.SuiteRunner.run(SuiteRunner.java:268)
	at org.testng.SuiteRunnerWorker.runSuite(SuiteRunnerWorker.java:52)
	at org.testng.SuiteRunnerWorker.run(SuiteRunnerWorker.java:86)
	at org.testng.TestNG.runSuitesSequentially(TestNG.java:1225)
	at org.testng.TestNG.runSuitesLocally(TestNG.java:1150)
	at org.testng.TestNG.runSuites(TestNG.java:1075)
	at org.testng.TestNG.run(TestNG.java:1047)
	at org.testng.remote.AbstractRemoteTestNG.run(AbstractRemoteTestNG.java:126)
	at org.testng.remote.RemoteTestNG.initAndRun(RemoteTestNG.java:137)
	at org.testng.remote.RemoteTestNG.main(RemoteTestNG.java:58)
]]>
            </full-stacktrace>
          </exception> <!-- java.lang.AssertionError -->
          <reporter-output>
          </reporter-output>
        </test-method> <!-- testRemove_validIndex -->
        <test-method status="PASS" signature="initialize(java.lang.String)[pri:0, instance:Test_4@2a2d45ba]" name="initialize" is-config="true" duration-ms="0" started-at="2016-07-19T21:02:09Z" finished-at="2016-07-19T21:02:09Z">
          <params>
            <param index="0">
              <value>
                <![CDATA[badList]]>
              </value>
            </param>
          </params>
          <reporter-output>
          </reporter-output>
        </test-method> <!-- initialize -->
        <test-method status="FAIL" signature="testSet_invalidIndex(int)[pri:0, instance:Test_4@2a2d45ba]" name="testSet_invalidIndex" duration-ms="0" started-at="2016-07-19T21:02:09Z" data-provider="invalidIndexes" finished-at="2016-07-19T21:02:09Z">
          <params>
            <param index="0">
              <value>
                <![CDATA[-1]]>
              </value>
            </param>
          </params>
          <exception class="org.testng.TestException">
            <message>
              <![CDATA[
Method Test_4.testSet_invalidIndex(int)[pri:0, instance:Test_4@2a2d45ba] should have thrown an exception of type class java.lang.IndexOutOfBoundsException]]>
            </message>
            <full-stacktrace>
              <![CDATA[org.testng.TestException: 
Method Test_4.testSet_invalidIndex(int)[pri:0, instance:Test_4@2a2d45ba] should have thrown an exception of type class java.lang.IndexOutOfBoundsException
	at org.testng.internal.ExpectedExceptionsHolder.noException(ExpectedExceptionsHolder.java:89)
	at org.testng.internal.Invoker.handleInvocationResults(Invoker.java:1350)
	at org.testng.internal.Invoker.invokeMethod(Invoker.java:684)
	at org.testng.internal.Invoker.invokeTestMethod(Invoker.java:823)
	at org.testng.internal.Invoker.invokeTestMethods(Invoker.java:1131)
	at org.testng.internal.TestMethodWorker.invokeTestMethods(TestMethodWorker.java:129)
	at org.testng.internal.TestMethodWorker.run(TestMethodWorker.java:112)
	at org.testng.TestRunner.privateRun(TestRunner.java:778)
	at org.testng.TestRunner.run(TestRunner.java:632)
	at org.testng.SuiteRunner.runTest(SuiteRunner.java:366)
	at org.testng.SuiteRunner.runSequentially(SuiteRunner.java:361)
	at org.testng.SuiteRunner.privateRun(SuiteRunner.java:319)
	at org.testng.SuiteRunner.run(SuiteRunner.java:268)
	at org.testng.SuiteRunnerWorker.runSuite(SuiteRunnerWorker.java:52)
	at org.testng.SuiteRunnerWorker.run(SuiteRunnerWorker.java:86)
	at org.testng.TestNG.runSuitesSequentially(TestNG.java:1225)
	at org.testng.TestNG.runSuitesLocally(TestNG.java:1150)
	at org.testng.TestNG.runSuites(TestNG.java:1075)
	at org.testng.TestNG.run(TestNG.java:1047)
	at org.testng.remote.AbstractRemoteTestNG.run(AbstractRemoteTestNG.java:126)
	at org.testng.remote.RemoteTestNG.initAndRun(RemoteTestNG.java:137)
	at org.testng.remote.RemoteTestNG.main(RemoteTestNG.java:58)
]]>
            </full-stacktrace>
          </exception> <!-- org.testng.TestException -->
          <reporter-output>
          </reporter-output>
        </test-method> <!-- testSet_invalidIndex -->
        <test-method status="PASS" signature="initialize(java.lang.String)[pri:0, instance:Test_4@2a2d45ba]" name="initialize" is-config="true" duration-ms="0" started-at="2016-07-19T21:02:09Z" finished-at="2016-07-19T21:02:09Z">
          <params>
            <param index="0">
              <value>
                <![CDATA[badList]]>
              </value>
            </param>
          </params>
          <reporter-output>
          </reporter-output>
        </test-method> <!-- initialize -->
        <test-method status="FAIL" signature="testSet_invalidIndex(int)[pri:0, instance:Test_4@2a2d45ba]" name="testSet_invalidIndex" duration-ms="0" started-at="2016-07-19T21:02:09Z" data-provider="invalidIndexes" finished-at="2016-07-19T21:02:09Z">
          <params>
            <param index="0">
              <value>
                <![CDATA[1]]>
              </value>
            </param>
          </params>
          <exception class="org.testng.TestException">
            <message>
              <![CDATA[
Method Test_4.testSet_invalidIndex(int)[pri:0, instance:Test_4@2a2d45ba] should have thrown an exception of type class java.lang.IndexOutOfBoundsException]]>
            </message>
            <full-stacktrace>
              <![CDATA[org.testng.TestException: 
Method Test_4.testSet_invalidIndex(int)[pri:0, instance:Test_4@2a2d45ba] should have thrown an exception of type class java.lang.IndexOutOfBoundsException
	at org.testng.internal.ExpectedExceptionsHolder.noException(ExpectedExceptionsHolder.java:89)
	at org.testng.internal.Invoker.handleInvocationResults(Invoker.java:1350)
	at org.testng.internal.Invoker.invokeMethod(Invoker.java:684)
	at org.testng.internal.Invoker.invokeTestMethod(Invoker.java:823)
	at org.testng.internal.Invoker.invokeTestMethods(Invoker.java:1131)
	at org.testng.internal.TestMethodWorker.invokeTestMethods(TestMethodWorker.java:129)
	at org.testng.internal.TestMethodWorker.run(TestMethodWorker.java:112)
	at org.testng.TestRunner.privateRun(TestRunner.java:778)
	at org.testng.TestRunner.run(TestRunner.java:632)
	at org.testng.SuiteRunner.runTest(SuiteRunner.java:366)
	at org.testng.SuiteRunner.runSequentially(SuiteRunner.java:361)
	at org.testng.SuiteRunner.privateRun(SuiteRunner.java:319)
	at org.testng.SuiteRunner.run(SuiteRunner.java:268)
	at org.testng.SuiteRunnerWorker.runSuite(SuiteRunnerWorker.java:52)
	at org.testng.SuiteRunnerWorker.run(SuiteRunnerWorker.java:86)
	at org.testng.TestNG.runSuitesSequentially(TestNG.java:1225)
	at org.testng.TestNG.runSuitesLocally(TestNG.java:1150)
	at org.testng.TestNG.runSuites(TestNG.java:1075)
	at org.testng.TestNG.run(TestNG.java:1047)
	at org.testng.remote.AbstractRemoteTestNG.run(AbstractRemoteTestNG.java:126)
	at org.testng.remote.RemoteTestNG.initAndRun(RemoteTestNG.java:137)
	at org.testng.remote.RemoteTestNG.main(RemoteTestNG.java:58)
]]>
            </full-stacktrace>
          </exception> <!-- org.testng.TestException -->
          <reporter-output>
          </reporter-output>
        </test-method> <!-- testSet_invalidIndex -->
        <test-method status="PASS" signature="initialize(java.lang.String)[pri:0, instance:Test_4@2a2d45ba]" name="initialize" is-config="true" duration-ms="1" started-at="2016-07-19T21:02:09Z" finished-at="2016-07-19T21:02:09Z">
          <params>
            <param index="0">
              <value>
                <![CDATA[badList]]>
              </value>
            </param>
          </params>
          <reporter-output>
          </reporter-output>
        </test-method> <!-- initialize -->
        <test-method status="PASS" signature="initialize(java.lang.String)[pri:0, instance:Test_4@2a2d45ba]" name="initialize" is-config="true" duration-ms="0" started-at="2016-07-19T21:02:09Z" finished-at="2016-07-19T21:02:09Z">
          <params>
            <param index="0">
              <value>
                <![CDATA[badList]]>
              </value>
            </param>
          </params>
          <reporter-output>
          </reporter-output>
        </test-method> <!-- initialize -->
        <test-method status="PASS" signature="initialize(java.lang.String)[pri:0, instance:Test_4@2a2d45ba]" name="initialize" is-config="true" duration-ms="0" started-at="2016-07-19T21:02:09Z" finished-at="2016-07-19T21:02:09Z">
          <params>
            <param index="0">
              <value>
                <![CDATA[badList]]>
              </value>
            </param>
          </params>
          <reporter-output>
          </reporter-output>
        </test-method> <!-- initialize -->
        <test-method status="PASS" signature="testSet_validIndex(int)[pri:0, instance:Test_4@2a2d45ba]" name="testSet_validIndex" duration-ms="0" started-at="2016-07-19T21:02:09Z" data-provider="validIndexes" finished-at="2016-07-19T21:02:09Z">
          <params>
            <param index="0">
              <value>
                <![CDATA[0]]>
              </value>
            </param>
          </params>
          <reporter-output>
          </reporter-output>
        </test-method> <!-- testSet_validIndex -->
        <test-method status="FAIL" signature="testSize()[pri:0, instance:Test_4@2a2d45ba]" name="testSize" duration-ms="0" started-at="2016-07-19T21:02:09Z" finished-at="2016-07-19T21:02:09Z">
          <exception class="java.lang.AssertionError">
            <message>
              <![CDATA[expected [1] but found [-1]]]>
            </message>
            <full-stacktrace>
              <![CDATA[java.lang.AssertionError: expected [1] but found [-1]
	at org.testng.Assert.fail(Assert.java:94)
	at org.testng.Assert.failNotEquals(Assert.java:513)
	at org.testng.Assert.assertEqualsImpl(Assert.java:135)
	at org.testng.Assert.assertEquals(Assert.java:116)
	at org.testng.Assert.assertEquals(Assert.java:389)
	at org.testng.Assert.assertEquals(Assert.java:399)
	at TestCase.size(TestCase.java:149)
	at Test_4.testSize(Test_4.java:162)
	at sun.reflect.NativeMethodAccessorImpl.invoke0(Native Method)
	at sun.reflect.NativeMethodAccessorImpl.invoke(Unknown Source)
	at sun.reflect.DelegatingMethodAccessorImpl.invoke(Unknown Source)
	at java.lang.reflect.Method.invoke(Unknown Source)
	at org.testng.internal.MethodInvocationHelper.invokeMethod(MethodInvocationHelper.java:86)
	at org.testng.internal.Invoker.invokeMethod(Invoker.java:646)
	at org.testng.internal.Invoker.invokeTestMethod(Invoker.java:823)
	at org.testng.internal.Invoker.invokeTestMethods(Invoker.java:1131)
	at org.testng.internal.TestMethodWorker.invokeTestMethods(TestMethodWorker.java:129)
	at org.testng.internal.TestMethodWorker.run(TestMethodWorker.java:112)
	at org.testng.TestRunner.privateRun(TestRunner.java:778)
	at org.testng.TestRunner.run(TestRunner.java:632)
	at org.testng.SuiteRunner.runTest(SuiteRunner.java:366)
	at org.testng.SuiteRunner.runSequentially(SuiteRunner.java:361)
	at org.testng.SuiteRunner.privateRun(SuiteRunner.java:319)
	at org.testng.SuiteRunner.run(SuiteRunner.java:268)
	at org.testng.SuiteRunnerWorker.runSuite(SuiteRunnerWorker.java:52)
	at org.testng.SuiteRunnerWorker.run(SuiteRunnerWorker.java:86)
	at org.testng.TestNG.runSuitesSequentially(TestNG.java:1225)
	at org.testng.TestNG.runSuitesLocally(TestNG.java:1150)
	at org.testng.TestNG.runSuites(TestNG.java:1075)
	at org.testng.TestNG.run(TestNG.java:1047)
	at org.testng.remote.AbstractRemoteTestNG.run(AbstractRemoteTestNG.java:126)
	at org.testng.remote.RemoteTestNG.initAndRun(RemoteTestNG.java:137)
	at org.testng.remote.RemoteTestNG.main(RemoteTestNG.java:58)
]]>
            </full-stacktrace>
          </exception> <!-- java.lang.AssertionError -->
          <reporter-output>
          </reporter-output>
        </test-method> <!-- testSize -->
      </class> <!-- Test_4 -->
    </test> <!-- Bad List -->
  </suite> <!-- List Testing 2 -->
</testng-results>
